Using pre-set license
Built from '2020.2/release' branch; Version is '2020.2.2f1 (068178b99f32) revision 426360'; Using compiler version '192528614'; Build Type 'Release'
OS: 'Windows 10 Home; OS build 19042.1237; Version 2009; 64bit' Language: 'en' Physical Memory: 12208 MB
BatchMode: 1, IsHumanControllingUs: 0, StartBugReporterOnCrash: 0, Is64bit: 1, IsPro: 0

 COMMAND LINE ARGUMENTS:
C:\Users\Josh\Documents\Unity\Editors\2020.2.2f1\Editor\Unity.exe
-adb2
-batchMode
-noUpm
-name
AssetImportWorker0
-projectPath
E:/UnityProject/GitHubFiles/Gravitron
-logFile
Logs/AssetImportWorker0.log
-srvPort
49588
Successfully changed project path to: E:/UnityProject/GitHubFiles/Gravitron
E:/UnityProject/GitHubFiles/Gravitron
Using Asset Import Pipeline V2.
Refreshing native plugins compatible for Editor in 58.95 ms, found 1 plugins.
Preloading 0 native plugins for Editor in 0.00 ms.
Initialize engine version: 2020.2.2f1 (068178b99f32)
[Subsystems] Discovering subsystems at path C:/Users/Josh/Documents/Unity/Editors/2020.2.2f1/Editor/Data/Resources/UnitySubsystems
[Subsystems] Discovering subsystems at path E:/UnityProject/GitHubFiles/Gravitron/Assets
GfxDevice: creating device client; threaded=0
Direct3D:
    Version:  Direct3D 11.0 [level 11.1]
    Renderer: NVIDIA GeForce GTX 1060 6GB (ID=0x1c03)
    Vendor:   
    VRAM:     6052 MB
    Driver:   27.21.14.6192
Initialize mono
Mono path[0] = 'C:/Users/Josh/Documents/Unity/Editors/2020.2.2f1/Editor/Data/Managed'
Mono path[1] = 'C:/Users/Josh/Documents/Unity/Editors/2020.2.2f1/Editor/Data/MonoBleedingEdge/lib/mono/unityjit'
Mono config path = 'C:/Users/Josh/Documents/Unity/Editors/2020.2.2f1/Editor/Data/MonoBleedingEdge/etc'
Using monoOptions --debugger-agent=transport=dt_socket,embedding=1,server=y,suspend=n,address=127.0.0.1:56824
Begin MonoManager ReloadAssembly
Registering precompiled unity dll's ...
Register platform support module: C:/Users/Josh/Documents/Unity/Editors/2020.2.2f1/Editor/Data/PlaybackEngines/WebGLSupport/UnityEditor.WebGL.Extensions.dll
Register platform support module: C:/Users/Josh/Documents/Unity/Editors/2020.2.2f1/Editor/Data/PlaybackEngines/WindowsStandaloneSupport/UnityEditor.WindowsStandalone.Extensions.dll
Registered in 0.006836 seconds.
Native extension for WindowsStandalone target not found
Native extension for WebGL target not found
Refreshing native plugins compatible for Editor in 57.76 ms, found 1 plugins.
Preloading 0 native plugins for Editor in 0.00 ms.
Invoked RoslynAnalysisRunner static constructor.
RoslynAnalysisRunner will not be running.
RoslynAnalysisRunner has terminated.
Mono: successfully reloaded assembly
- Completed reload, in  3.635 seconds
Platform modules already initialized, skipping
Registering precompiled user dll's ...
Registered in 0.001455 seconds.
Begin MonoManager ReloadAssembly
Error: Could not load signature of Unity.Android.Logcat.AndroidLogcat:.ctor due to: Could not load file or assembly 'UnityEditor.Android.Extensions, Version=1.0.0.0, Culture=neutral, PublicKeyToken=null' or one of its dependencies. assembly:UnityEditor.Android.Extensions, Version=1.0.0.0, Culture=neutral, PublicKeyToken=null type:<unknown type> member:(null) signature:<none>
0x00007ff7829cf02c (Unity) StackWalker::GetCurrentCallstack
0x00007ff7829d7409 (Unity) StackWalker::ShowCallstack
0x00007ff783e9fafc (Unity) GetStacktrace
0x00007ff784f7af63 (Unity) DebugStringToFile
0x00007ff7827f59eb (Unity) ScanForAttributesAndInterfaceImplementations
0x00007ff782808dba (Unity) MonoManager::EndReloadAssembly
0x00007ff78280ffe9 (Unity) MonoManager::ReloadAssembly
0x00007ff783baa2a1 (Unity) LoadDomainAndUserAssemblies
0x00007ff783baa74e (Unity) LoadUserAssemblies
0x00007ff783537ee1 (Unity) Application::InitializeProject
0x00007ff783ead0b2 (Unity) WinMain
0x00007ff785d10c66 (Unity) __scrt_common_main_seh
0x00007ffee8077034 (KERNEL32) BaseThreadInitThunk
0x00007ffee8f02651 (ntdll) RtlUserThreadStart

Unloading broken assembly Library/ScriptAssemblies/Unity.Mobile.AndroidLogcat.Editor.dll, this assembly can cause crashes in the runtime
0x00007ff7829cf02c (Unity) StackWalker::GetCurrentCallstack
0x00007ff7829d7409 (Unity) StackWalker::ShowCallstack
0x00007ff783e9fafc (Unity) GetStacktrace
0x00007ff784f7af63 (Unity) DebugStringToFile
0x00007ff782811b39 (Unity) MonoManager::SetupLoadedEditorAssemblies
0x00007ff78280910c (Unity) MonoManager::EndReloadAssembly
0x00007ff78280ffe9 (Unity) MonoManager::ReloadAssembly
0x00007ff783baa2a1 (Unity) LoadDomainAndUserAssemblies
0x00007ff783baa74e (Unity) LoadUserAssemblies
0x00007ff783537ee1 (Unity) Application::InitializeProject
0x00007ff783ead0b2 (Unity) WinMain
0x00007ff785d10c66 (Unity) __scrt_common_main_seh
0x00007ffee8077034 (KERNEL32) BaseThreadInitThunk
0x00007ffee8f02651 (ntdll) RtlUserThreadStart

Native extension for WindowsStandalone target not found
Native extension for WebGL target not found
Refreshing native plugins compatible for Editor in 56.40 ms, found 1 plugins.
Preloading 0 native plugins for Editor in 0.00 ms.
Invoked RoslynAnalysisRunner static constructor.
RoslynAnalysisRunner will not be running.
RoslynAnalysisRunner has terminated.
Mono: successfully reloaded assembly
- Completed reload, in  2.168 seconds
Platform modules already initialized, skipping
========================================================================
Worker process is ready to serve import requests
Launched and connected shader compiler UnityShaderCompiler.exe after 0.06 seconds
Refreshing native plugins compatible for Editor in 0.53 ms, found 1 plugins.
Preloading 0 native plugins for Editor in 0.00 ms.
Unloading 2083 Unused Serialized files (Serialized files now loaded: 0)
System memory in use before: 95.2 MB.
System memory in use after: 95.4 MB.

Unloading 32 unused Assets to reduce memory usage. Loaded Objects now: 2520.
Total: 2.851700 ms (FindLiveObjects: 0.238600 ms CreateObjectMapping: 0.104400 ms MarkObjects: 2.445600 ms  DeleteObjects: 0.061700 ms)

========================================================================
Received Import Request.
  path: Assets/Gravitron/Scripts/Mover.cs
  artifactKey: Guid(3ea3a92417a298d4b834ca0fe02eb0bb) Importer(815301076,1909f56bfc062723c751e8b465ee728b)
Start importing Assets/Gravitron/Scripts/Mover.cs using Guid(3ea3a92417a298d4b834ca0fe02eb0bb) Importer(815301076,1909f56bfc062723c751e8b465ee728b)  -> (artifact id: '28b73c74db1e181d67a6d63a904b0c0b') in 0.085087 seconds
  Import took 0.090813 seconds .

========================================================================
Received Prepare
Registering precompiled user dll's ...
Registered in 0.001306 seconds.
Begin MonoManager ReloadAssembly
Error: Could not load signature of Unity.Android.Logcat.AndroidLogcat:.ctor due to: Could not load file or assembly 'UnityEditor.Android.Extensions, Version=1.0.0.0, Culture=neutral, PublicKeyToken=null' or one of its dependencies. assembly:UnityEditor.Android.Extensions, Version=1.0.0.0, Culture=neutral, PublicKeyToken=null type:<unknown type> member:(null) signature:<none>
0x00007ff7829cf02c (Unity) StackWalker::GetCurrentCallstack
0x00007ff7829d7409 (Unity) StackWalker::ShowCallstack
0x00007ff783e9fafc (Unity) GetStacktrace
0x00007ff784f7af63 (Unity) DebugStringToFile
0x00007ff7827f59eb (Unity) ScanForAttributesAndInterfaceImplementations
0x00007ff782808dba (Unity) MonoManager::EndReloadAssembly
0x00007ff78280ffe9 (Unity) MonoManager::ReloadAssembly
0x00007ff783baa2a1 (Unity) LoadDomainAndUserAssemblies
0x00007ff783baa74e (Unity) LoadUserAssemblies
0x00007ff783fd39e9 (Unity) <lambda_fe9441f73272b7bdb4fc543a788e7929>::operator()
0x00007ff78409dd82 (Unity) asio::detail::completion_handler<core::mutable_function<void __cdecl(void)> >::do_complete
0x00007ff78409fee0 (Unity) asio::detail::win_iocp_io_service::do_one
0x00007ff7840a366e (Unity) asio::io_service::run
0x00007ff784019ba0 (Unity) RunAssetImportWorkerClientV2
0x00007ff784019bf0 (Unity) RunAssetImporterV2
0x00007ff783537ee6 (Unity) Application::InitializeProject
0x00007ff783ead0b2 (Unity) WinMain
0x00007ff785d10c66 (Unity) __scrt_common_main_seh
0x00007ffee8077034 (KERNEL32) BaseThreadInitThunk
0x00007ffee8f02651 (ntdll) RtlUserThreadStart

Unloading broken assembly Library/ScriptAssemblies/Unity.Mobile.AndroidLogcat.Editor.dll, this assembly can cause crashes in the runtime
0x00007ff7829cf02c (Unity) StackWalker::GetCurrentCallstack
0x00007ff7829d7409 (Unity) StackWalker::ShowCallstack
0x00007ff783e9fafc (Unity) GetStacktrace
0x00007ff784f7af63 (Unity) DebugStringToFile
0x00007ff782811b39 (Unity) MonoManager::SetupLoadedEditorAssemblies
0x00007ff78280910c (Unity) MonoManager::EndReloadAssembly
0x00007ff78280ffe9 (Unity) MonoManager::ReloadAssembly
0x00007ff783baa2a1 (Unity) LoadDomainAndUserAssemblies
0x00007ff783baa74e (Unity) LoadUserAssemblies
0x00007ff783fd39e9 (Unity) <lambda_fe9441f73272b7bdb4fc543a788e7929>::operator()
0x00007ff78409dd82 (Unity) asio::detail::completion_handler<core::mutable_function<void __cdecl(void)> >::do_complete
0x00007ff78409fee0 (Unity) asio::detail::win_iocp_io_service::do_one
0x00007ff7840a366e (Unity) asio::io_service::run
0x00007ff784019ba0 (Unity) RunAssetImportWorkerClientV2
0x00007ff784019bf0 (Unity) RunAssetImporterV2
0x00007ff783537ee6 (Unity) Application::InitializeProject
0x00007ff783ead0b2 (Unity) WinMain
0x00007ff785d10c66 (Unity) __scrt_common_main_seh
0x00007ffee8077034 (KERNEL32) BaseThreadInitThunk
0x00007ffee8f02651 (ntdll) RtlUserThreadStart

Native extension for WindowsStandalone target not found
Native extension for WebGL target not found
Refreshing native plugins compatible for Editor in 0.67 ms, found 1 plugins.
Preloading 0 native plugins for Editor in 0.00 ms.
Invoked RoslynAnalysisRunner static constructor.
RoslynAnalysisRunner will not be running.
RoslynAnalysisRunner has terminated.
Mono: successfully reloaded assembly
- Completed reload, in  1.396 seconds
Platform modules already initialized, skipping
Switching build target platform(5) subTarget(0) extendedPlatform(0) -> platform(13) subTarget(537395200) extendedPlatform(0)
Refreshing native plugins compatible for Editor in 0.62 ms, found 1 plugins.
Preloading 0 native plugins for Editor in 0.00 ms.
Unloading 2060 Unused Serialized files (Serialized files now loaded: 0)
System memory in use before: 93.6 MB.
System memory in use after: 93.7 MB.

Unloading 21 unused Assets to reduce memory usage. Loaded Objects now: 2523.
Total: 2.510900 ms (FindLiveObjects: 0.225800 ms CreateObjectMapping: 0.155200 ms MarkObjects: 2.066100 ms  DeleteObjects: 0.062800 ms)

AssetImportParameters requested are different than current active one (requested -> active):
  custom:graphics/normal-map-encoding: 01000000000000000000000000000000 -> 02000000000000000000000000000000
========================================================================
Received Prepare
Registering precompiled user dll's ...
Registered in 0.001316 seconds.
Begin MonoManager ReloadAssembly
Error: Could not load signature of Unity.Android.Logcat.AndroidLogcat:.ctor due to: Could not load file or assembly 'UnityEditor.Android.Extensions, Version=1.0.0.0, Culture=neutral, PublicKeyToken=null' or one of its dependencies. assembly:UnityEditor.Android.Extensions, Version=1.0.0.0, Culture=neutral, PublicKeyToken=null type:<unknown type> member:(null) signature:<none>
0x00007ff7829cf02c (Unity) StackWalker::GetCurrentCallstack
0x00007ff7829d7409 (Unity) StackWalker::ShowCallstack
0x00007ff783e9fafc (Unity) GetStacktrace
0x00007ff784f7af63 (Unity) DebugStringToFile
0x00007ff7827f59eb (Unity) ScanForAttributesAndInterfaceImplementations
0x00007ff782808dba (Unity) MonoManager::EndReloadAssembly
0x00007ff78280ffe9 (Unity) MonoManager::ReloadAssembly
0x00007ff783baa2a1 (Unity) LoadDomainAndUserAssemblies
0x00007ff783baa74e (Unity) LoadUserAssemblies
0x00007ff783fd39e9 (Unity) <lambda_fe9441f73272b7bdb4fc543a788e7929>::operator()
0x00007ff78409dd82 (Unity) asio::detail::completion_handler<core::mutable_function<void __cdecl(void)> >::do_complete
0x00007ff78409fee0 (Unity) asio::detail::win_iocp_io_service::do_one
0x00007ff7840a366e (Unity) asio::io_service::run
0x00007ff784019ba0 (Unity) RunAssetImportWorkerClientV2
0x00007ff784019bf0 (Unity) RunAssetImporterV2
0x00007ff783537ee6 (Unity) Application::InitializeProject
0x00007ff783ead0b2 (Unity) WinMain
0x00007ff785d10c66 (Unity) __scrt_common_main_seh
0x00007ffee8077034 (KERNEL32) BaseThreadInitThunk
0x00007ffee8f02651 (ntdll) RtlUserThreadStart

Unloading broken assembly Library/ScriptAssemblies/Unity.Mobile.AndroidLogcat.Editor.dll, this assembly can cause crashes in the runtime
0x00007ff7829cf02c (Unity) StackWalker::GetCurrentCallstack
0x00007ff7829d7409 (Unity) StackWalker::ShowCallstack
0x00007ff783e9fafc (Unity) GetStacktrace
0x00007ff784f7af63 (Unity) DebugStringToFile
0x00007ff782811b39 (Unity) MonoManager::SetupLoadedEditorAssemblies
0x00007ff78280910c (Unity) MonoManager::EndReloadAssembly
0x00007ff78280ffe9 (Unity) MonoManager::ReloadAssembly
0x00007ff783baa2a1 (Unity) LoadDomainAndUserAssemblies
0x00007ff783baa74e (Unity) LoadUserAssemblies
0x00007ff783fd39e9 (Unity) <lambda_fe9441f73272b7bdb4fc543a788e7929>::operator()
0x00007ff78409dd82 (Unity) asio::detail::completion_handler<core::mutable_function<void __cdecl(void)> >::do_complete
0x00007ff78409fee0 (Unity) asio::detail::win_iocp_io_service::do_one
0x00007ff7840a366e (Unity) asio::io_service::run
0x00007ff784019ba0 (Unity) RunAssetImportWorkerClientV2
0x00007ff784019bf0 (Unity) RunAssetImporterV2
0x00007ff783537ee6 (Unity) Application::InitializeProject
0x00007ff783ead0b2 (Unity) WinMain
0x00007ff785d10c66 (Unity) __scrt_common_main_seh
0x00007ffee8077034 (KERNEL32) BaseThreadInitThunk
0x00007ffee8f02651 (ntdll) RtlUserThreadStart

Native extension for WindowsStandalone target not found
Native extension for WebGL target not found
Refreshing native plugins compatible for Editor in 0.71 ms, found 1 plugins.
Preloading 0 native plugins for Editor in 0.00 ms.
Invoked RoslynAnalysisRunner static constructor.
RoslynAnalysisRunner will not be running.
RoslynAnalysisRunner has terminated.
Mono: successfully reloaded assembly
- Completed reload, in  1.135 seconds
Platform modules already initialized, skipping
Switching build target platform(5) subTarget(0) extendedPlatform(0) -> platform(13) subTarget(537395200) extendedPlatform(0)
Refreshing native plugins compatible for Editor in 0.52 ms, found 1 plugins.
Preloading 0 native plugins for Editor in 0.00 ms.
Unloading 2060 Unused Serialized files (Serialized files now loaded: 0)
System memory in use before: 93.7 MB.
System memory in use after: 93.8 MB.

Unloading 21 unused Assets to reduce memory usage. Loaded Objects now: 2526.
Total: 2.326000 ms (FindLiveObjects: 0.210600 ms CreateObjectMapping: 0.093900 ms MarkObjects: 1.971500 ms  DeleteObjects: 0.048500 ms)

AssetImportParameters requested are different than current active one (requested -> active):
  custom:graphics/normal-map-encoding: 01000000000000000000000000000000 -> 02000000000000000000000000000000
========================================================================
Received Import Request.
  Time since last request: 581.895162 seconds.
  path: Assets/Gravitron/Prefab/Player.prefab
  artifactKey: Guid(32807e77d8ffba7408ef61daeb9522b3) Importer(815301076,1909f56bfc062723c751e8b465ee728b)
Start importing Assets/Gravitron/Prefab/Player.prefab using Guid(32807e77d8ffba7408ef61daeb9522b3) Importer(815301076,1909f56bfc062723c751e8b465ee728b)  -> (artifact id: 'f88a3e5ed186aa35237079e02446a43f') in 0.137916 seconds
  Import took 0.142722 seconds .

========================================================================
Received Import Request.
  Time since last request: 2.277186 seconds.
  path: Assets/Gravitron/Prefab/WeakEnemy.prefab
  artifactKey: Guid(e401cd40ed92bf34082ceea3b37589a6) Importer(815301076,1909f56bfc062723c751e8b465ee728b)
Start importing Assets/Gravitron/Prefab/WeakEnemy.prefab using Guid(e401cd40ed92bf34082ceea3b37589a6) Importer(815301076,1909f56bfc062723c751e8b465ee728b)  -> (artifact id: 'd04426882a85a02ad5ed0ba81a5b40e2') in 0.019763 seconds
  Import took 0.024466 seconds .

========================================================================
Received Import Request.
  Time since last request: 0.013890 seconds.
  path: Assets/Gravitron/Prefab/WeakEnemy.prefab
  artifactKey: Guid(e401cd40ed92bf34082ceea3b37589a6) Importer(815301076,1909f56bfc062723c751e8b465ee728b)
Start importing Assets/Gravitron/Prefab/WeakEnemy.prefab using Guid(e401cd40ed92bf34082ceea3b37589a6) Importer(815301076,1909f56bfc062723c751e8b465ee728b)  -> (artifact id: 'd04426882a85a02ad5ed0ba81a5b40e2') in 0.011732 seconds
  Import took 0.016415 seconds .

========================================================================
Received Prepare
Registering precompiled user dll's ...
Registered in 0.001798 seconds.
Begin MonoManager ReloadAssembly
Error: Could not load signature of Unity.Android.Logcat.AndroidLogcat:.ctor due to: Could not load file or assembly 'UnityEditor.Android.Extensions, Version=1.0.0.0, Culture=neutral, PublicKeyToken=null' or one of its dependencies. assembly:UnityEditor.Android.Extensions, Version=1.0.0.0, Culture=neutral, PublicKeyToken=null type:<unknown type> member:(null) signature:<none>
0x00007ff7829cf02c (Unity) StackWalker::GetCurrentCallstack
0x00007ff7829d7409 (Unity) StackWalker::ShowCallstack
0x00007ff783e9fafc (Unity) GetStacktrace
0x00007ff784f7af63 (Unity) DebugStringToFile
0x00007ff7827f59eb (Unity) ScanForAttributesAndInterfaceImplementations
0x00007ff782808dba (Unity) MonoManager::EndReloadAssembly
0x00007ff78280ffe9 (Unity) MonoManager::ReloadAssembly
0x00007ff783baa2a1 (Unity) LoadDomainAndUserAssemblies
0x00007ff783baa74e (Unity) LoadUserAssemblies
0x00007ff783fd39e9 (Unity) <lambda_fe9441f73272b7bdb4fc543a788e7929>::operator()
0x00007ff78409dd82 (Unity) asio::detail::completion_handler<core::mutable_function<void __cdecl(void)> >::do_complete
0x00007ff78409fee0 (Unity) asio::detail::win_iocp_io_service::do_one
0x00007ff7840a366e (Unity) asio::io_service::run
0x00007ff784019ba0 (Unity) RunAssetImportWorkerClientV2
0x00007ff784019bf0 (Unity) RunAssetImporterV2
0x00007ff783537ee6 (Unity) Application::InitializeProject
0x00007ff783ead0b2 (Unity) WinMain
0x00007ff785d10c66 (Unity) __scrt_common_main_seh
0x00007ffee8077034 (KERNEL32) BaseThreadInitThunk
0x00007ffee8f02651 (ntdll) RtlUserThreadStart

Unloading broken assembly Library/ScriptAssemblies/Unity.Mobile.AndroidLogcat.Editor.dll, this assembly can cause crashes in the runtime
0x00007ff7829cf02c (Unity) StackWalker::GetCurrentCallstack
0x00007ff7829d7409 (Unity) StackWalker::ShowCallstack
0x00007ff783e9fafc (Unity) GetStacktrace
0x00007ff784f7af63 (Unity) DebugStringToFile
0x00007ff782811b39 (Unity) MonoManager::SetupLoadedEditorAssemblies
0x00007ff78280910c (Unity) MonoManager::EndReloadAssembly
0x00007ff78280ffe9 (Unity) MonoManager::ReloadAssembly
0x00007ff783baa2a1 (Unity) LoadDomainAndUserAssemblies
0x00007ff783baa74e (Unity) LoadUserAssemblies
0x00007ff783fd39e9 (Unity) <lambda_fe9441f73272b7bdb4fc543a788e7929>::operator()
0x00007ff78409dd82 (Unity) asio::detail::completion_handler<core::mutable_function<void __cdecl(void)> >::do_complete
0x00007ff78409fee0 (Unity) asio::detail::win_iocp_io_service::do_one
0x00007ff7840a366e (Unity) asio::io_service::run
0x00007ff784019ba0 (Unity) RunAssetImportWorkerClientV2
0x00007ff784019bf0 (Unity) RunAssetImporterV2
0x00007ff783537ee6 (Unity) Application::InitializeProject
0x00007ff783ead0b2 (Unity) WinMain
0x00007ff785d10c66 (Unity) __scrt_common_main_seh
0x00007ffee8077034 (KERNEL32) BaseThreadInitThunk
0x00007ffee8f02651 (ntdll) RtlUserThreadStart

Native extension for WindowsStandalone target not found
Native extension for WebGL target not found
Refreshing native plugins compatible for Editor in 0.58 ms, found 1 plugins.
Preloading 0 native plugins for Editor in 0.00 ms.
Invoked RoslynAnalysisRunner static constructor.
RoslynAnalysisRunner will not be running.
RoslynAnalysisRunner has terminated.
Mono: successfully reloaded assembly
- Completed reload, in  1.261 seconds
Platform modules already initialized, skipping
Switching build target platform(5) subTarget(0) extendedPlatform(0) -> platform(13) subTarget(537395200) extendedPlatform(0)
Refreshing native plugins compatible for Editor in 0.55 ms, found 1 plugins.
Preloading 0 native plugins for Editor in 0.00 ms.
Unloading 2060 Unused Serialized files (Serialized files now loaded: 0)
System memory in use before: 96.8 MB.
System memory in use after: 96.9 MB.

Unloading 23 unused Assets to reduce memory usage. Loaded Objects now: 2537.
Total: 2.778800 ms (FindLiveObjects: 0.456300 ms CreateObjectMapping: 0.155500 ms MarkObjects: 2.065100 ms  DeleteObjects: 0.100600 ms)

AssetImportParameters requested are different than current active one (requested -> active):
  custom:graphics/normal-map-encoding: 01000000000000000000000000000000 -> 02000000000000000000000000000000
========================================================================
Received Import Request.
  Time since last request: 520.314539 seconds.
  path: Assets/Gravitron/Scenes/LevelOne.unity
  artifactKey: Guid(2cda990e2423bbf4892e6590ba056729) Importer(815301076,1909f56bfc062723c751e8b465ee728b)
Start importing Assets/Gravitron/Scenes/LevelOne.unity using Guid(2cda990e2423bbf4892e6590ba056729) Importer(815301076,1909f56bfc062723c751e8b465ee728b)  -> (artifact id: '19797a3150d0359e000ca410d249fc1c') in 0.026569 seconds
  Import took 0.031678 seconds .

========================================================================
Received Prepare
Registering precompiled user dll's ...
Registered in 0.001195 seconds.
Begin MonoManager ReloadAssembly
Error: Could not load signature of Unity.Android.Logcat.AndroidLogcat:.ctor due to: Could not load file or assembly 'UnityEditor.Android.Extensions, Version=1.0.0.0, Culture=neutral, PublicKeyToken=null' or one of its dependencies. assembly:UnityEditor.Android.Extensions, Version=1.0.0.0, Culture=neutral, PublicKeyToken=null type:<unknown type> member:(null) signature:<none>
0x00007ff7829cf02c (Unity) StackWalker::GetCurrentCallstack
0x00007ff7829d7409 (Unity) StackWalker::ShowCallstack
0x00007ff783e9fafc (Unity) GetStacktrace
0x00007ff784f7af63 (Unity) DebugStringToFile
0x00007ff7827f59eb (Unity) ScanForAttributesAndInterfaceImplementations
0x00007ff782808dba (Unity) MonoManager::EndReloadAssembly
0x00007ff78280ffe9 (Unity) MonoManager::ReloadAssembly
0x00007ff783baa2a1 (Unity) LoadDomainAndUserAssemblies
0x00007ff783baa74e (Unity) LoadUserAssemblies
0x00007ff783fd39e9 (Unity) <lambda_fe9441f73272b7bdb4fc543a788e7929>::operator()
0x00007ff78409dd82 (Unity) asio::detail::completion_handler<core::mutable_function<void __cdecl(void)> >::do_complete
0x00007ff78409fee0 (Unity) asio::detail::win_iocp_io_service::do_one
0x00007ff7840a366e (Unity) asio::io_service::run
0x00007ff784019ba0 (Unity) RunAssetImportWorkerClientV2
0x00007ff784019bf0 (Unity) RunAssetImporterV2
0x00007ff783537ee6 (Unity) Application::InitializeProject
0x00007ff783ead0b2 (Unity) WinMain
0x00007ff785d10c66 (Unity) __scrt_common_main_seh
0x00007ffee8077034 (KERNEL32) BaseThreadInitThunk
0x00007ffee8f02651 (ntdll) RtlUserThreadStart

Unloading broken assembly Library/ScriptAssemblies/Unity.Mobile.AndroidLogcat.Editor.dll, this assembly can cause crashes in the runtime
0x00007ff7829cf02c (Unity) StackWalker::GetCurrentCallstack
0x00007ff7829d7409 (Unity) StackWalker::ShowCallstack
0x00007ff783e9fafc (Unity) GetStacktrace
0x00007ff784f7af63 (Unity) DebugStringToFile
0x00007ff782811b39 (Unity) MonoManager::SetupLoadedEditorAssemblies
0x00007ff78280910c (Unity) MonoManager::EndReloadAssembly
0x00007ff78280ffe9 (Unity) MonoManager::ReloadAssembly
0x00007ff783baa2a1 (Unity) LoadDomainAndUserAssemblies
0x00007ff783baa74e (Unity) LoadUserAssemblies
0x00007ff783fd39e9 (Unity) <lambda_fe9441f73272b7bdb4fc543a788e7929>::operator()
0x00007ff78409dd82 (Unity) asio::detail::completion_handler<core::mutable_function<void __cdecl(void)> >::do_complete
0x00007ff78409fee0 (Unity) asio::detail::win_iocp_io_service::do_one
0x00007ff7840a366e (Unity) asio::io_service::run
0x00007ff784019ba0 (Unity) RunAssetImportWorkerClientV2
0x00007ff784019bf0 (Unity) RunAssetImporterV2
0x00007ff783537ee6 (Unity) Application::InitializeProject
0x00007ff783ead0b2 (Unity) WinMain
0x00007ff785d10c66 (Unity) __scrt_common_main_seh
0x00007ffee8077034 (KERNEL32) BaseThreadInitThunk
0x00007ffee8f02651 (ntdll) RtlUserThreadStart

Native extension for WindowsStandalone target not found
Native extension for WebGL target not found
Refreshing native plugins compatible for Editor in 0.51 ms, found 1 plugins.
Preloading 0 native plugins for Editor in 0.00 ms.
Invoked RoslynAnalysisRunner static constructor.
RoslynAnalysisRunner will not be running.
RoslynAnalysisRunner has terminated.
Mono: successfully reloaded assembly
- Completed reload, in  1.738 seconds
Platform modules already initialized, skipping
Switching build target platform(5) subTarget(0) extendedPlatform(0) -> platform(13) subTarget(537395200) extendedPlatform(0)
Refreshing native plugins compatible for Editor in 0.62 ms, found 1 plugins.
Preloading 0 native plugins for Editor in 0.00 ms.
Unloading 2060 Unused Serialized files (Serialized files now loaded: 0)
System memory in use before: 96.9 MB.
System memory in use after: 97.0 MB.

Unloading 21 unused Assets to reduce memory usage. Loaded Objects now: 2540.
Total: 6.411700 ms (FindLiveObjects: 0.258200 ms CreateObjectMapping: 0.124000 ms MarkObjects: 5.987900 ms  DeleteObjects: 0.039200 ms)

AssetImportParameters requested are different than current active one (requested -> active):
  custom:graphics/normal-map-encoding: 01000000000000000000000000000000 -> 02000000000000000000000000000000
========================================================================
Received Prepare
Registering precompiled user dll's ...
Registered in 0.001114 seconds.
Begin MonoManager ReloadAssembly
Error: Could not load signature of Unity.Android.Logcat.AndroidLogcat:.ctor due to: Could not load file or assembly 'UnityEditor.Android.Extensions, Version=1.0.0.0, Culture=neutral, PublicKeyToken=null' or one of its dependencies. assembly:UnityEditor.Android.Extensions, Version=1.0.0.0, Culture=neutral, PublicKeyToken=null type:<unknown type> member:(null) signature:<none>
0x00007ff7829cf02c (Unity) StackWalker::GetCurrentCallstack
0x00007ff7829d7409 (Unity) StackWalker::ShowCallstack
0x00007ff783e9fafc (Unity) GetStacktrace
0x00007ff784f7af63 (Unity) DebugStringToFile
0x00007ff7827f59eb (Unity) ScanForAttributesAndInterfaceImplementations
0x00007ff782808dba (Unity) MonoManager::EndReloadAssembly
0x00007ff78280ffe9 (Unity) MonoManager::ReloadAssembly
0x00007ff783baa2a1 (Unity) LoadDomainAndUserAssemblies
0x00007ff783baa74e (Unity) LoadUserAssemblies
0x00007ff783fd39e9 (Unity) <lambda_fe9441f73272b7bdb4fc543a788e7929>::operator()
0x00007ff78409dd82 (Unity) asio::detail::completion_handler<core::mutable_function<void __cdecl(void)> >::do_complete
0x00007ff78409fee0 (Unity) asio::detail::win_iocp_io_service::do_one
0x00007ff7840a366e (Unity) asio::io_service::run
0x00007ff784019ba0 (Unity) RunAssetImportWorkerClientV2
0x00007ff784019bf0 (Unity) RunAssetImporterV2
0x00007ff783537ee6 (Unity) Application::InitializeProject
0x00007ff783ead0b2 (Unity) WinMain
0x00007ff785d10c66 (Unity) __scrt_common_main_seh
0x00007ffee8077034 (KERNEL32) BaseThreadInitThunk
0x00007ffee8f02651 (ntdll) RtlUserThreadStart

Unloading broken assembly Library/ScriptAssemblies/Unity.Mobile.AndroidLogcat.Editor.dll, this assembly can cause crashes in the runtime
0x00007ff7829cf02c (Unity) StackWalker::GetCurrentCallstack
0x00007ff7829d7409 (Unity) StackWalker::ShowCallstack
0x00007ff783e9fafc (Unity) GetStacktrace
0x00007ff784f7af63 (Unity) DebugStringToFile
0x00007ff782811b39 (Unity) MonoManager::SetupLoadedEditorAssemblies
0x00007ff78280910c (Unity) MonoManager::EndReloadAssembly
0x00007ff78280ffe9 (Unity) MonoManager::ReloadAssembly
0x00007ff783baa2a1 (Unity) LoadDomainAndUserAssemblies
0x00007ff783baa74e (Unity) LoadUserAssemblies
0x00007ff783fd39e9 (Unity) <lambda_fe9441f73272b7bdb4fc543a788e7929>::operator()
0x00007ff78409dd82 (Unity) asio::detail::completion_handler<core::mutable_function<void __cdecl(void)> >::do_complete
0x00007ff78409fee0 (Unity) asio::detail::win_iocp_io_service::do_one
0x00007ff7840a366e (Unity) asio::io_service::run
0x00007ff784019ba0 (Unity) RunAssetImportWorkerClientV2
0x00007ff784019bf0 (Unity) RunAssetImporterV2
0x00007ff783537ee6 (Unity) Application::InitializeProject
0x00007ff783ead0b2 (Unity) WinMain
0x00007ff785d10c66 (Unity) __scrt_common_main_seh
0x00007ffee8077034 (KERNEL32) BaseThreadInitThunk
0x00007ffee8f02651 (ntdll) RtlUserThreadStart

Native extension for WindowsStandalone target not found
Native extension for WebGL target not found
Refreshing native plugins compatible for Editor in 0.51 ms, found 1 plugins.
Preloading 0 native plugins for Editor in 0.00 ms.
Invoked RoslynAnalysisRunner static constructor.
RoslynAnalysisRunner will not be running.
RoslynAnalysisRunner has terminated.
Mono: successfully reloaded assembly
- Completed reload, in  1.118 seconds
Platform modules already initialized, skipping
Switching build target platform(5) subTarget(0) extendedPlatform(0) -> platform(13) subTarget(537395200) extendedPlatform(0)
Refreshing native plugins compatible for Editor in 0.68 ms, found 1 plugins.
Preloading 0 native plugins for Editor in 0.00 ms.
Unloading 2060 Unused Serialized files (Serialized files now loaded: 0)
System memory in use before: 97.0 MB.
System memory in use after: 97.1 MB.

Unloading 21 unused Assets to reduce memory usage. Loaded Objects now: 2543.
Total: 3.256300 ms (FindLiveObjects: 0.222100 ms CreateObjectMapping: 0.110700 ms MarkObjects: 2.885100 ms  DeleteObjects: 0.036600 ms)

AssetImportParameters requested are different than current active one (requested -> active):
  custom:graphics/normal-map-encoding: 01000000000000000000000000000000 -> 02000000000000000000000000000000
AssetImportWorkerClient::OnTransportError - code=2 error=End of file
