Using pre-set license
Built from '2020.2/release' branch; Version is '2020.2.2f1 (068178b99f32) revision 426360'; Using compiler version '192528614'; Build Type 'Release'
OS: 'Windows 10 Home; OS build 19042.1165; Version 2009; 64bit' Language: 'en' Physical Memory: 12208 MB
BatchMode: 1, IsHumanControllingUs: 0, StartBugReporterOnCrash: 0, Is64bit: 1, IsPro: 0

 COMMAND LINE ARGUMENTS:
C:\Users\Josh\Documents\Unity\Editors\2020.2.2f1\Editor\Unity.exe
-adb2
-batchMode
-noUpm
-name
AssetImportWorker3
-projectPath
E:/UnityProject/GitHubFiles/Gravitron
-logFile
Logs/AssetImportWorker3.log
-srvPort
61102
Successfully changed project path to: E:/UnityProject/GitHubFiles/Gravitron
E:/UnityProject/GitHubFiles/Gravitron
Using Asset Import Pipeline V2.
Refreshing native plugins compatible for Editor in 330.29 ms, found 1 plugins.
Preloading 0 native plugins for Editor in 0.00 ms.
Initialize engine version: 2020.2.2f1 (068178b99f32)
[Subsystems] Discovering subsystems at path C:/Users/Josh/Documents/Unity/Editors/2020.2.2f1/Editor/Data/Resources/UnitySubsystems
[Subsystems] Discovering subsystems at path E:/UnityProject/GitHubFiles/Gravitron/Assets
GfxDevice: creating device client; threaded=0
Direct3D:
    Version:  Direct3D 11.0 [level 11.1]
    Renderer: NVIDIA GeForce GTX 1060 6GB (ID=0x1c03)
    Vendor:   
    VRAM:     6052 MB
    Driver:   27.21.14.6192
Initialize mono
Mono path[0] = 'C:/Users/Josh/Documents/Unity/Editors/2020.2.2f1/Editor/Data/Managed'
Mono path[1] = 'C:/Users/Josh/Documents/Unity/Editors/2020.2.2f1/Editor/Data/MonoBleedingEdge/lib/mono/unityjit'
Mono config path = 'C:/Users/Josh/Documents/Unity/Editors/2020.2.2f1/Editor/Data/MonoBleedingEdge/etc'
Using monoOptions --debugger-agent=transport=dt_socket,embedding=1,server=y,suspend=n,address=127.0.0.1:56000
Begin MonoManager ReloadAssembly
Registering precompiled unity dll's ...
Register platform support module: C:/Users/Josh/Documents/Unity/Editors/2020.2.2f1/Editor/Data/PlaybackEngines/WebGLSupport/UnityEditor.WebGL.Extensions.dll
Register platform support module: C:/Users/Josh/Documents/Unity/Editors/2020.2.2f1/Editor/Data/PlaybackEngines/WindowsStandaloneSupport/UnityEditor.WindowsStandalone.Extensions.dll
Registered in 0.005238 seconds.
Native extension for WindowsStandalone target not found
Native extension for WebGL target not found
Refreshing native plugins compatible for Editor in 66.14 ms, found 1 plugins.
Preloading 0 native plugins for Editor in 0.00 ms.
Invoked RoslynAnalysisRunner static constructor.
RoslynAnalysisRunner will not be running.
RoslynAnalysisRunner has terminated.
Mono: successfully reloaded assembly
- Completed reload, in  5.387 seconds
Platform modules already initialized, skipping
Registering precompiled user dll's ...
Registered in 0.003334 seconds.
Begin MonoManager ReloadAssembly
Error: Could not load signature of Unity.Android.Logcat.AndroidLogcat:.ctor due to: Could not load file or assembly 'UnityEditor.Android.Extensions, Version=1.0.0.0, Culture=neutral, PublicKeyToken=null' or one of its dependencies. assembly:UnityEditor.Android.Extensions, Version=1.0.0.0, Culture=neutral, PublicKeyToken=null type:<unknown type> member:(null) signature:<none>
0x00007ff7096ff02c (Unity) StackWalker::GetCurrentCallstack
0x00007ff709707409 (Unity) StackWalker::ShowCallstack
0x00007ff70abcfafc (Unity) GetStacktrace
0x00007ff70bcaaf63 (Unity) DebugStringToFile
0x00007ff7095259eb (Unity) ScanForAttributesAndInterfaceImplementations
0x00007ff709538dba (Unity) MonoManager::EndReloadAssembly
0x00007ff70953ffe9 (Unity) MonoManager::ReloadAssembly
0x00007ff70a8da2a1 (Unity) LoadDomainAndUserAssemblies
0x00007ff70a8da74e (Unity) LoadUserAssemblies
0x00007ff70a267ee1 (Unity) Application::InitializeProject
0x00007ff70abdd0b2 (Unity) WinMain
0x00007ff70ca40c66 (Unity) __scrt_common_main_seh
0x00007ff810217034 (KERNEL32) BaseThreadInitThunk
0x00007ff811d02651 (ntdll) RtlUserThreadStart

Unloading broken assembly Library/ScriptAssemblies/Unity.Mobile.AndroidLogcat.Editor.dll, this assembly can cause crashes in the runtime
0x00007ff7096ff02c (Unity) StackWalker::GetCurrentCallstack
0x00007ff709707409 (Unity) StackWalker::ShowCallstack
0x00007ff70abcfafc (Unity) GetStacktrace
0x00007ff70bcaaf63 (Unity) DebugStringToFile
0x00007ff709541b39 (Unity) MonoManager::SetupLoadedEditorAssemblies
0x00007ff70953910c (Unity) MonoManager::EndReloadAssembly
0x00007ff70953ffe9 (Unity) MonoManager::ReloadAssembly
0x00007ff70a8da2a1 (Unity) LoadDomainAndUserAssemblies
0x00007ff70a8da74e (Unity) LoadUserAssemblies
0x00007ff70a267ee1 (Unity) Application::InitializeProject
0x00007ff70abdd0b2 (Unity) WinMain
0x00007ff70ca40c66 (Unity) __scrt_common_main_seh
0x00007ff810217034 (KERNEL32) BaseThreadInitThunk
0x00007ff811d02651 (ntdll) RtlUserThreadStart

Native extension for WindowsStandalone target not found
Native extension for WebGL target not found
Refreshing native plugins compatible for Editor in 63.19 ms, found 1 plugins.
Preloading 0 native plugins for Editor in 0.00 ms.
Invoked RoslynAnalysisRunner static constructor.
RoslynAnalysisRunner will not be running.
RoslynAnalysisRunner has terminated.
Mono: successfully reloaded assembly
- Completed reload, in  4.372 seconds
Platform modules already initialized, skipping
========================================================================
Worker process is ready to serve import requests
Launched and connected shader compiler UnityShaderCompiler.exe after 0.11 seconds
Refreshing native plugins compatible for Editor in 0.62 ms, found 1 plugins.
Preloading 0 native plugins for Editor in 0.00 ms.
Unloading 2079 Unused Serialized files (Serialized files now loaded: 0)
System memory in use before: 95.1 MB.
System memory in use after: 95.2 MB.

Unloading 32 unused Assets to reduce memory usage. Loaded Objects now: 2516.
Total: 3.285600 ms (FindLiveObjects: 0.294000 ms CreateObjectMapping: 0.555800 ms MarkObjects: 2.396900 ms  DeleteObjects: 0.037500 ms)

========================================================================
Received Import Request.
  path: Assets/Gravitron/Scripts/Player/PlayerManager.cs
  artifactKey: Guid(3437a9e017b3c0540b6ecf4c0e68c225) Importer(815301076,1909f56bfc062723c751e8b465ee728b)
Start importing Assets/Gravitron/Scripts/Player/PlayerManager.cs using Guid(3437a9e017b3c0540b6ecf4c0e68c225) Importer(815301076,1909f56bfc062723c751e8b465ee728b)  -> (artifact id: 'f6409afa08b59cdb9023c794e0ed9a6c') in 0.074280 seconds
  Import took 0.081328 seconds .

========================================================================
Received Import Request.
  Time since last request: 32.384012 seconds.
  path: Assets/Gravitron/Scripts/Player/PlayerManager.cs
  artifactKey: Guid(3437a9e017b3c0540b6ecf4c0e68c225) Importer(815301076,1909f56bfc062723c751e8b465ee728b)
Start importing Assets/Gravitron/Scripts/Player/PlayerManager.cs using Guid(3437a9e017b3c0540b6ecf4c0e68c225) Importer(815301076,1909f56bfc062723c751e8b465ee728b)  -> (artifact id: '3e06bc66be86e41164fc72627bac534f') in 0.004682 seconds
  Import took 0.014443 seconds .

========================================================================
Received Import Request.
  Time since last request: 0.076702 seconds.
  path: Assets/Gravitron/Scripts/Player/PlayerManager.cs
  artifactKey: Guid(3437a9e017b3c0540b6ecf4c0e68c225) Importer(815301076,1909f56bfc062723c751e8b465ee728b)
Start importing Assets/Gravitron/Scripts/Player/PlayerManager.cs using Guid(3437a9e017b3c0540b6ecf4c0e68c225) Importer(815301076,1909f56bfc062723c751e8b465ee728b)  -> (artifact id: '3e06bc66be86e41164fc72627bac534f') in 0.039544 seconds
  Import took 0.044202 seconds .

========================================================================
Received Import Request.
  Time since last request: 7.370714 seconds.
  path: Assets/Gravitron/Scripts/Player/PlayerManager.cs
  artifactKey: Guid(3437a9e017b3c0540b6ecf4c0e68c225) Importer(815301076,1909f56bfc062723c751e8b465ee728b)
Start importing Assets/Gravitron/Scripts/Player/PlayerManager.cs using Guid(3437a9e017b3c0540b6ecf4c0e68c225) Importer(815301076,1909f56bfc062723c751e8b465ee728b)  -> (artifact id: 'ac196db01d8ffff7e491e18e660affc3') in 0.016694 seconds
  Import took 0.106147 seconds .

========================================================================
Received Prepare
Registering precompiled user dll's ...
Registered in 0.002632 seconds.
Begin MonoManager ReloadAssembly
Error: Could not load signature of Unity.Android.Logcat.AndroidLogcat:.ctor due to: Could not load file or assembly 'UnityEditor.Android.Extensions, Version=1.0.0.0, Culture=neutral, PublicKeyToken=null' or one of its dependencies. assembly:UnityEditor.Android.Extensions, Version=1.0.0.0, Culture=neutral, PublicKeyToken=null type:<unknown type> member:(null) signature:<none>
0x00007ff7096ff02c (Unity) StackWalker::GetCurrentCallstack
0x00007ff709707409 (Unity) StackWalker::ShowCallstack
0x00007ff70abcfafc (Unity) GetStacktrace
0x00007ff70bcaaf63 (Unity) DebugStringToFile
0x00007ff7095259eb (Unity) ScanForAttributesAndInterfaceImplementations
0x00007ff709538dba (Unity) MonoManager::EndReloadAssembly
0x00007ff70953ffe9 (Unity) MonoManager::ReloadAssembly
0x00007ff70a8da2a1 (Unity) LoadDomainAndUserAssemblies
0x00007ff70a8da74e (Unity) LoadUserAssemblies
0x00007ff70ad039e9 (Unity) <lambda_fe9441f73272b7bdb4fc543a788e7929>::operator()
0x00007ff70adcdd82 (Unity) asio::detail::completion_handler<core::mutable_function<void __cdecl(void)> >::do_complete
0x00007ff70adcfee0 (Unity) asio::detail::win_iocp_io_service::do_one
0x00007ff70add366e (Unity) asio::io_service::run
0x00007ff70ad49ba0 (Unity) RunAssetImportWorkerClientV2
0x00007ff70ad49bf0 (Unity) RunAssetImporterV2
0x00007ff70a267ee6 (Unity) Application::InitializeProject
0x00007ff70abdd0b2 (Unity) WinMain
0x00007ff70ca40c66 (Unity) __scrt_common_main_seh
0x00007ff810217034 (KERNEL32) BaseThreadInitThunk
0x00007ff811d02651 (ntdll) RtlUserThreadStart

Unloading broken assembly Library/ScriptAssemblies/Unity.Mobile.AndroidLogcat.Editor.dll, this assembly can cause crashes in the runtime
0x00007ff7096ff02c (Unity) StackWalker::GetCurrentCallstack
0x00007ff709707409 (Unity) StackWalker::ShowCallstack
0x00007ff70abcfafc (Unity) GetStacktrace
0x00007ff70bcaaf63 (Unity) DebugStringToFile
0x00007ff709541b39 (Unity) MonoManager::SetupLoadedEditorAssemblies
0x00007ff70953910c (Unity) MonoManager::EndReloadAssembly
0x00007ff70953ffe9 (Unity) MonoManager::ReloadAssembly
0x00007ff70a8da2a1 (Unity) LoadDomainAndUserAssemblies
0x00007ff70a8da74e (Unity) LoadUserAssemblies
0x00007ff70ad039e9 (Unity) <lambda_fe9441f73272b7bdb4fc543a788e7929>::operator()
0x00007ff70adcdd82 (Unity) asio::detail::completion_handler<core::mutable_function<void __cdecl(void)> >::do_complete
0x00007ff70adcfee0 (Unity) asio::detail::win_iocp_io_service::do_one
0x00007ff70add366e (Unity) asio::io_service::run
0x00007ff70ad49ba0 (Unity) RunAssetImportWorkerClientV2
0x00007ff70ad49bf0 (Unity) RunAssetImporterV2
0x00007ff70a267ee6 (Unity) Application::InitializeProject
0x00007ff70abdd0b2 (Unity) WinMain
0x00007ff70ca40c66 (Unity) __scrt_common_main_seh
0x00007ff810217034 (KERNEL32) BaseThreadInitThunk
0x00007ff811d02651 (ntdll) RtlUserThreadStart

Native extension for WindowsStandalone target not found
Native extension for WebGL target not found
Refreshing native plugins compatible for Editor in 1.06 ms, found 1 plugins.
Preloading 0 native plugins for Editor in 0.00 ms.
Invoked RoslynAnalysisRunner static constructor.
RoslynAnalysisRunner will not be running.
RoslynAnalysisRunner has terminated.
Mono: successfully reloaded assembly
- Completed reload, in  1.265 seconds
Platform modules already initialized, skipping
Switching build target platform(5) subTarget(0) extendedPlatform(0) -> platform(13) subTarget(537395200) extendedPlatform(0)
Refreshing native plugins compatible for Editor in 0.56 ms, found 1 plugins.
Preloading 0 native plugins for Editor in 0.00 ms.
Unloading 2056 Unused Serialized files (Serialized files now loaded: 0)
System memory in use before: 93.5 MB.
System memory in use after: 93.6 MB.

Unloading 21 unused Assets to reduce memory usage. Loaded Objects now: 2519.
Total: 2.207300 ms (FindLiveObjects: 0.251900 ms CreateObjectMapping: 0.176400 ms MarkObjects: 1.756200 ms  DeleteObjects: 0.021300 ms)

AssetImportParameters requested are different than current active one (requested -> active):
  custom:graphics/normal-map-encoding: 01000000000000000000000000000000 -> 02000000000000000000000000000000
========================================================================
Received Prepare
Registering precompiled user dll's ...
Registered in 0.006518 seconds.
Begin MonoManager ReloadAssembly
Error: Could not load signature of Unity.Android.Logcat.AndroidLogcat:.ctor due to: Could not load file or assembly 'UnityEditor.Android.Extensions, Version=1.0.0.0, Culture=neutral, PublicKeyToken=null' or one of its dependencies. assembly:UnityEditor.Android.Extensions, Version=1.0.0.0, Culture=neutral, PublicKeyToken=null type:<unknown type> member:(null) signature:<none>
0x00007ff7096ff02c (Unity) StackWalker::GetCurrentCallstack
0x00007ff709707409 (Unity) StackWalker::ShowCallstack
0x00007ff70abcfafc (Unity) GetStacktrace
0x00007ff70bcaaf63 (Unity) DebugStringToFile
0x00007ff7095259eb (Unity) ScanForAttributesAndInterfaceImplementations
0x00007ff709538dba (Unity) MonoManager::EndReloadAssembly
0x00007ff70953ffe9 (Unity) MonoManager::ReloadAssembly
0x00007ff70a8da2a1 (Unity) LoadDomainAndUserAssemblies
0x00007ff70a8da74e (Unity) LoadUserAssemblies
0x00007ff70ad039e9 (Unity) <lambda_fe9441f73272b7bdb4fc543a788e7929>::operator()
0x00007ff70adcdd82 (Unity) asio::detail::completion_handler<core::mutable_function<void __cdecl(void)> >::do_complete
0x00007ff70adcfee0 (Unity) asio::detail::win_iocp_io_service::do_one
0x00007ff70add366e (Unity) asio::io_service::run
0x00007ff70ad49ba0 (Unity) RunAssetImportWorkerClientV2
0x00007ff70ad49bf0 (Unity) RunAssetImporterV2
0x00007ff70a267ee6 (Unity) Application::InitializeProject
0x00007ff70abdd0b2 (Unity) WinMain
0x00007ff70ca40c66 (Unity) __scrt_common_main_seh
0x00007ff810217034 (KERNEL32) BaseThreadInitThunk
0x00007ff811d02651 (ntdll) RtlUserThreadStart

Unloading broken assembly Library/ScriptAssemblies/Unity.Mobile.AndroidLogcat.Editor.dll, this assembly can cause crashes in the runtime
0x00007ff7096ff02c (Unity) StackWalker::GetCurrentCallstack
0x00007ff709707409 (Unity) StackWalker::ShowCallstack
0x00007ff70abcfafc (Unity) GetStacktrace
0x00007ff70bcaaf63 (Unity) DebugStringToFile
0x00007ff709541b39 (Unity) MonoManager::SetupLoadedEditorAssemblies
0x00007ff70953910c (Unity) MonoManager::EndReloadAssembly
0x00007ff70953ffe9 (Unity) MonoManager::ReloadAssembly
0x00007ff70a8da2a1 (Unity) LoadDomainAndUserAssemblies
0x00007ff70a8da74e (Unity) LoadUserAssemblies
0x00007ff70ad039e9 (Unity) <lambda_fe9441f73272b7bdb4fc543a788e7929>::operator()
0x00007ff70adcdd82 (Unity) asio::detail::completion_handler<core::mutable_function<void __cdecl(void)> >::do_complete
0x00007ff70adcfee0 (Unity) asio::detail::win_iocp_io_service::do_one
0x00007ff70add366e (Unity) asio::io_service::run
0x00007ff70ad49ba0 (Unity) RunAssetImportWorkerClientV2
0x00007ff70ad49bf0 (Unity) RunAssetImporterV2
0x00007ff70a267ee6 (Unity) Application::InitializeProject
0x00007ff70abdd0b2 (Unity) WinMain
0x00007ff70ca40c66 (Unity) __scrt_common_main_seh
0x00007ff810217034 (KERNEL32) BaseThreadInitThunk
0x00007ff811d02651 (ntdll) RtlUserThreadStart

Native extension for WindowsStandalone target not found
Native extension for WebGL target not found
Refreshing native plugins compatible for Editor in 0.61 ms, found 1 plugins.
Preloading 0 native plugins for Editor in 0.00 ms.
Invoked RoslynAnalysisRunner static constructor.
RoslynAnalysisRunner will not be running.
RoslynAnalysisRunner has terminated.
Mono: successfully reloaded assembly
- Completed reload, in  1.268 seconds
Platform modules already initialized, skipping
Switching build target platform(5) subTarget(0) extendedPlatform(0) -> platform(13) subTarget(537395200) extendedPlatform(0)
Refreshing native plugins compatible for Editor in 0.67 ms, found 1 plugins.
Preloading 0 native plugins for Editor in 0.00 ms.
Unloading 2056 Unused Serialized files (Serialized files now loaded: 0)
System memory in use before: 93.6 MB.
System memory in use after: 93.7 MB.

Unloading 21 unused Assets to reduce memory usage. Loaded Objects now: 2522.
Total: 2.793200 ms (FindLiveObjects: 0.261200 ms CreateObjectMapping: 0.107300 ms MarkObjects: 2.357900 ms  DeleteObjects: 0.065500 ms)

AssetImportParameters requested are different than current active one (requested -> active):
  custom:graphics/normal-map-encoding: 01000000000000000000000000000000 -> 02000000000000000000000000000000
========================================================================
Received Prepare
Registering precompiled user dll's ...
Registered in 0.001301 seconds.
Begin MonoManager ReloadAssembly
Error: Could not load signature of Unity.Android.Logcat.AndroidLogcat:.ctor due to: Could not load file or assembly 'UnityEditor.Android.Extensions, Version=1.0.0.0, Culture=neutral, PublicKeyToken=null' or one of its dependencies. assembly:UnityEditor.Android.Extensions, Version=1.0.0.0, Culture=neutral, PublicKeyToken=null type:<unknown type> member:(null) signature:<none>
0x00007ff7096ff02c (Unity) StackWalker::GetCurrentCallstack
0x00007ff709707409 (Unity) StackWalker::ShowCallstack
0x00007ff70abcfafc (Unity) GetStacktrace
0x00007ff70bcaaf63 (Unity) DebugStringToFile
0x00007ff7095259eb (Unity) ScanForAttributesAndInterfaceImplementations
0x00007ff709538dba (Unity) MonoManager::EndReloadAssembly
0x00007ff70953ffe9 (Unity) MonoManager::ReloadAssembly
0x00007ff70a8da2a1 (Unity) LoadDomainAndUserAssemblies
0x00007ff70a8da74e (Unity) LoadUserAssemblies
0x00007ff70ad039e9 (Unity) <lambda_fe9441f73272b7bdb4fc543a788e7929>::operator()
0x00007ff70adcdd82 (Unity) asio::detail::completion_handler<core::mutable_function<void __cdecl(void)> >::do_complete
0x00007ff70adcfee0 (Unity) asio::detail::win_iocp_io_service::do_one
0x00007ff70add366e (Unity) asio::io_service::run
0x00007ff70ad49ba0 (Unity) RunAssetImportWorkerClientV2
0x00007ff70ad49bf0 (Unity) RunAssetImporterV2
0x00007ff70a267ee6 (Unity) Application::InitializeProject
0x00007ff70abdd0b2 (Unity) WinMain
0x00007ff70ca40c66 (Unity) __scrt_common_main_seh
0x00007ff810217034 (KERNEL32) BaseThreadInitThunk
0x00007ff811d02651 (ntdll) RtlUserThreadStart

Unloading broken assembly Library/ScriptAssemblies/Unity.Mobile.AndroidLogcat.Editor.dll, this assembly can cause crashes in the runtime
0x00007ff7096ff02c (Unity) StackWalker::GetCurrentCallstack
0x00007ff709707409 (Unity) StackWalker::ShowCallstack
0x00007ff70abcfafc (Unity) GetStacktrace
0x00007ff70bcaaf63 (Unity) DebugStringToFile
0x00007ff709541b39 (Unity) MonoManager::SetupLoadedEditorAssemblies
0x00007ff70953910c (Unity) MonoManager::EndReloadAssembly
0x00007ff70953ffe9 (Unity) MonoManager::ReloadAssembly
0x00007ff70a8da2a1 (Unity) LoadDomainAndUserAssemblies
0x00007ff70a8da74e (Unity) LoadUserAssemblies
0x00007ff70ad039e9 (Unity) <lambda_fe9441f73272b7bdb4fc543a788e7929>::operator()
0x00007ff70adcdd82 (Unity) asio::detail::completion_handler<core::mutable_function<void __cdecl(void)> >::do_complete
0x00007ff70adcfee0 (Unity) asio::detail::win_iocp_io_service::do_one
0x00007ff70add366e (Unity) asio::io_service::run
0x00007ff70ad49ba0 (Unity) RunAssetImportWorkerClientV2
0x00007ff70ad49bf0 (Unity) RunAssetImporterV2
0x00007ff70a267ee6 (Unity) Application::InitializeProject
0x00007ff70abdd0b2 (Unity) WinMain
0x00007ff70ca40c66 (Unity) __scrt_common_main_seh
0x00007ff810217034 (KERNEL32) BaseThreadInitThunk
0x00007ff811d02651 (ntdll) RtlUserThreadStart

Native extension for WindowsStandalone target not found
Native extension for WebGL target not found
Refreshing native plugins compatible for Editor in 0.70 ms, found 1 plugins.
Preloading 0 native plugins for Editor in 0.00 ms.
Invoked RoslynAnalysisRunner static constructor.
RoslynAnalysisRunner will not be running.
RoslynAnalysisRunner has terminated.
Mono: successfully reloaded assembly
- Completed reload, in  2.224 seconds
Platform modules already initialized, skipping
Switching build target platform(5) subTarget(0) extendedPlatform(0) -> platform(13) subTarget(537395200) extendedPlatform(0)
Refreshing native plugins compatible for Editor in 0.55 ms, found 1 plugins.
Preloading 0 native plugins for Editor in 0.00 ms.
Unloading 2056 Unused Serialized files (Serialized files now loaded: 0)
System memory in use before: 93.6 MB.
System memory in use after: 93.8 MB.

Unloading 21 unused Assets to reduce memory usage. Loaded Objects now: 2525.
Total: 2.373000 ms (FindLiveObjects: 0.268400 ms CreateObjectMapping: 0.135400 ms MarkObjects: 1.947100 ms  DeleteObjects: 0.020800 ms)

AssetImportParameters requested are different than current active one (requested -> active):
  custom:graphics/normal-map-encoding: 01000000000000000000000000000000 -> 02000000000000000000000000000000
========================================================================
Received Prepare
Registering precompiled user dll's ...
Registered in 0.001110 seconds.
Begin MonoManager ReloadAssembly
Error: Could not load signature of Unity.Android.Logcat.AndroidLogcat:.ctor due to: Could not load file or assembly 'UnityEditor.Android.Extensions, Version=1.0.0.0, Culture=neutral, PublicKeyToken=null' or one of its dependencies. assembly:UnityEditor.Android.Extensions, Version=1.0.0.0, Culture=neutral, PublicKeyToken=null type:<unknown type> member:(null) signature:<none>
0x00007ff7096ff02c (Unity) StackWalker::GetCurrentCallstack
0x00007ff709707409 (Unity) StackWalker::ShowCallstack
0x00007ff70abcfafc (Unity) GetStacktrace
0x00007ff70bcaaf63 (Unity) DebugStringToFile
0x00007ff7095259eb (Unity) ScanForAttributesAndInterfaceImplementations
0x00007ff709538dba (Unity) MonoManager::EndReloadAssembly
0x00007ff70953ffe9 (Unity) MonoManager::ReloadAssembly
0x00007ff70a8da2a1 (Unity) LoadDomainAndUserAssemblies
0x00007ff70a8da74e (Unity) LoadUserAssemblies
0x00007ff70ad039e9 (Unity) <lambda_fe9441f73272b7bdb4fc543a788e7929>::operator()
0x00007ff70adcdd82 (Unity) asio::detail::completion_handler<core::mutable_function<void __cdecl(void)> >::do_complete
0x00007ff70adcfee0 (Unity) asio::detail::win_iocp_io_service::do_one
0x00007ff70add366e (Unity) asio::io_service::run
0x00007ff70ad49ba0 (Unity) RunAssetImportWorkerClientV2
0x00007ff70ad49bf0 (Unity) RunAssetImporterV2
0x00007ff70a267ee6 (Unity) Application::InitializeProject
0x00007ff70abdd0b2 (Unity) WinMain
0x00007ff70ca40c66 (Unity) __scrt_common_main_seh
0x00007ff810217034 (KERNEL32) BaseThreadInitThunk
0x00007ff811d02651 (ntdll) RtlUserThreadStart

Unloading broken assembly Library/ScriptAssemblies/Unity.Mobile.AndroidLogcat.Editor.dll, this assembly can cause crashes in the runtime
0x00007ff7096ff02c (Unity) StackWalker::GetCurrentCallstack
0x00007ff709707409 (Unity) StackWalker::ShowCallstack
0x00007ff70abcfafc (Unity) GetStacktrace
0x00007ff70bcaaf63 (Unity) DebugStringToFile
0x00007ff709541b39 (Unity) MonoManager::SetupLoadedEditorAssemblies
0x00007ff70953910c (Unity) MonoManager::EndReloadAssembly
0x00007ff70953ffe9 (Unity) MonoManager::ReloadAssembly
0x00007ff70a8da2a1 (Unity) LoadDomainAndUserAssemblies
0x00007ff70a8da74e (Unity) LoadUserAssemblies
0x00007ff70ad039e9 (Unity) <lambda_fe9441f73272b7bdb4fc543a788e7929>::operator()
0x00007ff70adcdd82 (Unity) asio::detail::completion_handler<core::mutable_function<void __cdecl(void)> >::do_complete
0x00007ff70adcfee0 (Unity) asio::detail::win_iocp_io_service::do_one
0x00007ff70add366e (Unity) asio::io_service::run
0x00007ff70ad49ba0 (Unity) RunAssetImportWorkerClientV2
0x00007ff70ad49bf0 (Unity) RunAssetImporterV2
0x00007ff70a267ee6 (Unity) Application::InitializeProject
0x00007ff70abdd0b2 (Unity) WinMain
0x00007ff70ca40c66 (Unity) __scrt_common_main_seh
0x00007ff810217034 (KERNEL32) BaseThreadInitThunk
0x00007ff811d02651 (ntdll) RtlUserThreadStart

Native extension for WindowsStandalone target not found
Native extension for WebGL target not found
Refreshing native plugins compatible for Editor in 0.66 ms, found 1 plugins.
Preloading 0 native plugins for Editor in 0.00 ms.
Invoked RoslynAnalysisRunner static constructor.
RoslynAnalysisRunner will not be running.
RoslynAnalysisRunner has terminated.
Mono: successfully reloaded assembly
- Completed reload, in  1.287 seconds
Platform modules already initialized, skipping
Switching build target platform(5) subTarget(0) extendedPlatform(0) -> platform(13) subTarget(537395200) extendedPlatform(0)
Refreshing native plugins compatible for Editor in 0.52 ms, found 1 plugins.
Preloading 0 native plugins for Editor in 0.00 ms.
Unloading 2056 Unused Serialized files (Serialized files now loaded: 0)
System memory in use before: 93.7 MB.
System memory in use after: 93.8 MB.

Unloading 21 unused Assets to reduce memory usage. Loaded Objects now: 2528.
Total: 2.204100 ms (FindLiveObjects: 0.235300 ms CreateObjectMapping: 0.103300 ms MarkObjects: 1.843800 ms  DeleteObjects: 0.020100 ms)

AssetImportParameters requested are different than current active one (requested -> active):
  custom:graphics/normal-map-encoding: 01000000000000000000000000000000 -> 02000000000000000000000000000000
========================================================================
Received Prepare
Registering precompiled user dll's ...
Registered in 0.001124 seconds.
Begin MonoManager ReloadAssembly
Error: Could not load signature of Unity.Android.Logcat.AndroidLogcat:.ctor due to: Could not load file or assembly 'UnityEditor.Android.Extensions, Version=1.0.0.0, Culture=neutral, PublicKeyToken=null' or one of its dependencies. assembly:UnityEditor.Android.Extensions, Version=1.0.0.0, Culture=neutral, PublicKeyToken=null type:<unknown type> member:(null) signature:<none>
0x00007ff7096ff02c (Unity) StackWalker::GetCurrentCallstack
0x00007ff709707409 (Unity) StackWalker::ShowCallstack
0x00007ff70abcfafc (Unity) GetStacktrace
0x00007ff70bcaaf63 (Unity) DebugStringToFile
0x00007ff7095259eb (Unity) ScanForAttributesAndInterfaceImplementations
0x00007ff709538dba (Unity) MonoManager::EndReloadAssembly
0x00007ff70953ffe9 (Unity) MonoManager::ReloadAssembly
0x00007ff70a8da2a1 (Unity) LoadDomainAndUserAssemblies
0x00007ff70a8da74e (Unity) LoadUserAssemblies
0x00007ff70ad039e9 (Unity) <lambda_fe9441f73272b7bdb4fc543a788e7929>::operator()
0x00007ff70adcdd82 (Unity) asio::detail::completion_handler<core::mutable_function<void __cdecl(void)> >::do_complete
0x00007ff70adcfee0 (Unity) asio::detail::win_iocp_io_service::do_one
0x00007ff70add366e (Unity) asio::io_service::run
0x00007ff70ad49ba0 (Unity) RunAssetImportWorkerClientV2
0x00007ff70ad49bf0 (Unity) RunAssetImporterV2
0x00007ff70a267ee6 (Unity) Application::InitializeProject
0x00007ff70abdd0b2 (Unity) WinMain
0x00007ff70ca40c66 (Unity) __scrt_common_main_seh
0x00007ff810217034 (KERNEL32) BaseThreadInitThunk
0x00007ff811d02651 (ntdll) RtlUserThreadStart

Unloading broken assembly Library/ScriptAssemblies/Unity.Mobile.AndroidLogcat.Editor.dll, this assembly can cause crashes in the runtime
0x00007ff7096ff02c (Unity) StackWalker::GetCurrentCallstack
0x00007ff709707409 (Unity) StackWalker::ShowCallstack
0x00007ff70abcfafc (Unity) GetStacktrace
0x00007ff70bcaaf63 (Unity) DebugStringToFile
0x00007ff709541b39 (Unity) MonoManager::SetupLoadedEditorAssemblies
0x00007ff70953910c (Unity) MonoManager::EndReloadAssembly
0x00007ff70953ffe9 (Unity) MonoManager::ReloadAssembly
0x00007ff70a8da2a1 (Unity) LoadDomainAndUserAssemblies
0x00007ff70a8da74e (Unity) LoadUserAssemblies
0x00007ff70ad039e9 (Unity) <lambda_fe9441f73272b7bdb4fc543a788e7929>::operator()
0x00007ff70adcdd82 (Unity) asio::detail::completion_handler<core::mutable_function<void __cdecl(void)> >::do_complete
0x00007ff70adcfee0 (Unity) asio::detail::win_iocp_io_service::do_one
0x00007ff70add366e (Unity) asio::io_service::run
0x00007ff70ad49ba0 (Unity) RunAssetImportWorkerClientV2
0x00007ff70ad49bf0 (Unity) RunAssetImporterV2
0x00007ff70a267ee6 (Unity) Application::InitializeProject
0x00007ff70abdd0b2 (Unity) WinMain
0x00007ff70ca40c66 (Unity) __scrt_common_main_seh
0x00007ff810217034 (KERNEL32) BaseThreadInitThunk
0x00007ff811d02651 (ntdll) RtlUserThreadStart

Native extension for WindowsStandalone target not found
Native extension for WebGL target not found
Refreshing native plugins compatible for Editor in 0.63 ms, found 1 plugins.
Preloading 0 native plugins for Editor in 0.00 ms.
Invoked RoslynAnalysisRunner static constructor.
RoslynAnalysisRunner will not be running.
RoslynAnalysisRunner has terminated.
Mono: successfully reloaded assembly
- Completed reload, in  1.210 seconds
Platform modules already initialized, skipping
Switching build target platform(5) subTarget(0) extendedPlatform(0) -> platform(13) subTarget(537395200) extendedPlatform(0)
Refreshing native plugins compatible for Editor in 0.87 ms, found 1 plugins.
Preloading 0 native plugins for Editor in 0.00 ms.
Unloading 2056 Unused Serialized files (Serialized files now loaded: 0)
System memory in use before: 93.8 MB.
System memory in use after: 93.9 MB.

Unloading 21 unused Assets to reduce memory usage. Loaded Objects now: 2531.
Total: 2.439700 ms (FindLiveObjects: 0.222100 ms CreateObjectMapping: 0.116100 ms MarkObjects: 2.079500 ms  DeleteObjects: 0.020700 ms)

AssetImportParameters requested are different than current active one (requested -> active):
  custom:graphics/normal-map-encoding: 01000000000000000000000000000000 -> 02000000000000000000000000000000
========================================================================
Received Prepare
Registering precompiled user dll's ...
Registered in 0.001739 seconds.
Begin MonoManager ReloadAssembly
Error: Could not load signature of Unity.Android.Logcat.AndroidLogcat:.ctor due to: Could not load file or assembly 'UnityEditor.Android.Extensions, Version=1.0.0.0, Culture=neutral, PublicKeyToken=null' or one of its dependencies. assembly:UnityEditor.Android.Extensions, Version=1.0.0.0, Culture=neutral, PublicKeyToken=null type:<unknown type> member:(null) signature:<none>
0x00007ff7096ff02c (Unity) StackWalker::GetCurrentCallstack
0x00007ff709707409 (Unity) StackWalker::ShowCallstack
0x00007ff70abcfafc (Unity) GetStacktrace
0x00007ff70bcaaf63 (Unity) DebugStringToFile
0x00007ff7095259eb (Unity) ScanForAttributesAndInterfaceImplementations
0x00007ff709538dba (Unity) MonoManager::EndReloadAssembly
0x00007ff70953ffe9 (Unity) MonoManager::ReloadAssembly
0x00007ff70a8da2a1 (Unity) LoadDomainAndUserAssemblies
0x00007ff70a8da74e (Unity) LoadUserAssemblies
0x00007ff70ad039e9 (Unity) <lambda_fe9441f73272b7bdb4fc543a788e7929>::operator()
0x00007ff70adcdd82 (Unity) asio::detail::completion_handler<core::mutable_function<void __cdecl(void)> >::do_complete
0x00007ff70adcfee0 (Unity) asio::detail::win_iocp_io_service::do_one
0x00007ff70add366e (Unity) asio::io_service::run
0x00007ff70ad49ba0 (Unity) RunAssetImportWorkerClientV2
0x00007ff70ad49bf0 (Unity) RunAssetImporterV2
0x00007ff70a267ee6 (Unity) Application::InitializeProject
0x00007ff70abdd0b2 (Unity) WinMain
0x00007ff70ca40c66 (Unity) __scrt_common_main_seh
0x00007ff810217034 (KERNEL32) BaseThreadInitThunk
0x00007ff811d02651 (ntdll) RtlUserThreadStart

Unloading broken assembly Library/ScriptAssemblies/Unity.Mobile.AndroidLogcat.Editor.dll, this assembly can cause crashes in the runtime
0x00007ff7096ff02c (Unity) StackWalker::GetCurrentCallstack
0x00007ff709707409 (Unity) StackWalker::ShowCallstack
0x00007ff70abcfafc (Unity) GetStacktrace
0x00007ff70bcaaf63 (Unity) DebugStringToFile
0x00007ff709541b39 (Unity) MonoManager::SetupLoadedEditorAssemblies
0x00007ff70953910c (Unity) MonoManager::EndReloadAssembly
0x00007ff70953ffe9 (Unity) MonoManager::ReloadAssembly
0x00007ff70a8da2a1 (Unity) LoadDomainAndUserAssemblies
0x00007ff70a8da74e (Unity) LoadUserAssemblies
0x00007ff70ad039e9 (Unity) <lambda_fe9441f73272b7bdb4fc543a788e7929>::operator()
0x00007ff70adcdd82 (Unity) asio::detail::completion_handler<core::mutable_function<void __cdecl(void)> >::do_complete
0x00007ff70adcfee0 (Unity) asio::detail::win_iocp_io_service::do_one
0x00007ff70add366e (Unity) asio::io_service::run
0x00007ff70ad49ba0 (Unity) RunAssetImportWorkerClientV2
0x00007ff70ad49bf0 (Unity) RunAssetImporterV2
0x00007ff70a267ee6 (Unity) Application::InitializeProject
0x00007ff70abdd0b2 (Unity) WinMain
0x00007ff70ca40c66 (Unity) __scrt_common_main_seh
0x00007ff810217034 (KERNEL32) BaseThreadInitThunk
0x00007ff811d02651 (ntdll) RtlUserThreadStart

Native extension for WindowsStandalone target not found
Native extension for WebGL target not found
Refreshing native plugins compatible for Editor in 0.54 ms, found 1 plugins.
Preloading 0 native plugins for Editor in 0.00 ms.
Invoked RoslynAnalysisRunner static constructor.
RoslynAnalysisRunner will not be running.
RoslynAnalysisRunner has terminated.
Mono: successfully reloaded assembly
- Completed reload, in  1.899 seconds
Platform modules already initialized, skipping
Switching build target platform(5) subTarget(0) extendedPlatform(0) -> platform(13) subTarget(537395200) extendedPlatform(0)
Refreshing native plugins compatible for Editor in 0.62 ms, found 1 plugins.
Preloading 0 native plugins for Editor in 0.00 ms.
Unloading 2056 Unused Serialized files (Serialized files now loaded: 0)
System memory in use before: 93.8 MB.
System memory in use after: 93.9 MB.

Unloading 21 unused Assets to reduce memory usage. Loaded Objects now: 2534.
Total: 2.809900 ms (FindLiveObjects: 0.285900 ms CreateObjectMapping: 0.139600 ms MarkObjects: 2.359900 ms  DeleteObjects: 0.023000 ms)

AssetImportParameters requested are different than current active one (requested -> active):
  custom:graphics/normal-map-encoding: 01000000000000000000000000000000 -> 02000000000000000000000000000000
========================================================================
Received Prepare
Registering precompiled user dll's ...
Registered in 0.001152 seconds.
Begin MonoManager ReloadAssembly
Error: Could not load signature of Unity.Android.Logcat.AndroidLogcat:.ctor due to: Could not load file or assembly 'UnityEditor.Android.Extensions, Version=1.0.0.0, Culture=neutral, PublicKeyToken=null' or one of its dependencies. assembly:UnityEditor.Android.Extensions, Version=1.0.0.0, Culture=neutral, PublicKeyToken=null type:<unknown type> member:(null) signature:<none>
0x00007ff7096ff02c (Unity) StackWalker::GetCurrentCallstack
0x00007ff709707409 (Unity) StackWalker::ShowCallstack
0x00007ff70abcfafc (Unity) GetStacktrace
0x00007ff70bcaaf63 (Unity) DebugStringToFile
0x00007ff7095259eb (Unity) ScanForAttributesAndInterfaceImplementations
0x00007ff709538dba (Unity) MonoManager::EndReloadAssembly
0x00007ff70953ffe9 (Unity) MonoManager::ReloadAssembly
0x00007ff70a8da2a1 (Unity) LoadDomainAndUserAssemblies
0x00007ff70a8da74e (Unity) LoadUserAssemblies
0x00007ff70ad039e9 (Unity) <lambda_fe9441f73272b7bdb4fc543a788e7929>::operator()
0x00007ff70adcdd82 (Unity) asio::detail::completion_handler<core::mutable_function<void __cdecl(void)> >::do_complete
0x00007ff70adcfee0 (Unity) asio::detail::win_iocp_io_service::do_one
0x00007ff70add366e (Unity) asio::io_service::run
0x00007ff70ad49ba0 (Unity) RunAssetImportWorkerClientV2
0x00007ff70ad49bf0 (Unity) RunAssetImporterV2
0x00007ff70a267ee6 (Unity) Application::InitializeProject
0x00007ff70abdd0b2 (Unity) WinMain
0x00007ff70ca40c66 (Unity) __scrt_common_main_seh
0x00007ff810217034 (KERNEL32) BaseThreadInitThunk
0x00007ff811d02651 (ntdll) RtlUserThreadStart

Unloading broken assembly Library/ScriptAssemblies/Unity.Mobile.AndroidLogcat.Editor.dll, this assembly can cause crashes in the runtime
0x00007ff7096ff02c (Unity) StackWalker::GetCurrentCallstack
0x00007ff709707409 (Unity) StackWalker::ShowCallstack
0x00007ff70abcfafc (Unity) GetStacktrace
0x00007ff70bcaaf63 (Unity) DebugStringToFile
0x00007ff709541b39 (Unity) MonoManager::SetupLoadedEditorAssemblies
0x00007ff70953910c (Unity) MonoManager::EndReloadAssembly
0x00007ff70953ffe9 (Unity) MonoManager::ReloadAssembly
0x00007ff70a8da2a1 (Unity) LoadDomainAndUserAssemblies
0x00007ff70a8da74e (Unity) LoadUserAssemblies
0x00007ff70ad039e9 (Unity) <lambda_fe9441f73272b7bdb4fc543a788e7929>::operator()
0x00007ff70adcdd82 (Unity) asio::detail::completion_handler<core::mutable_function<void __cdecl(void)> >::do_complete
0x00007ff70adcfee0 (Unity) asio::detail::win_iocp_io_service::do_one
0x00007ff70add366e (Unity) asio::io_service::run
0x00007ff70ad49ba0 (Unity) RunAssetImportWorkerClientV2
0x00007ff70ad49bf0 (Unity) RunAssetImporterV2
0x00007ff70a267ee6 (Unity) Application::InitializeProject
0x00007ff70abdd0b2 (Unity) WinMain
0x00007ff70ca40c66 (Unity) __scrt_common_main_seh
0x00007ff810217034 (KERNEL32) BaseThreadInitThunk
0x00007ff811d02651 (ntdll) RtlUserThreadStart

Native extension for WindowsStandalone target not found
Native extension for WebGL target not found
Refreshing native plugins compatible for Editor in 0.57 ms, found 1 plugins.
Preloading 0 native plugins for Editor in 0.00 ms.
Invoked RoslynAnalysisRunner static constructor.
RoslynAnalysisRunner will not be running.
RoslynAnalysisRunner has terminated.
Mono: successfully reloaded assembly
- Completed reload, in  1.432 seconds
Platform modules already initialized, skipping
Switching build target platform(5) subTarget(0) extendedPlatform(0) -> platform(13) subTarget(537395200) extendedPlatform(0)
Refreshing native plugins compatible for Editor in 1.03 ms, found 1 plugins.
Preloading 0 native plugins for Editor in 0.00 ms.
Unloading 2056 Unused Serialized files (Serialized files now loaded: 0)
System memory in use before: 93.9 MB.
System memory in use after: 94.0 MB.

Unloading 21 unused Assets to reduce memory usage. Loaded Objects now: 2537.
Total: 2.830100 ms (FindLiveObjects: 0.253700 ms CreateObjectMapping: 0.112500 ms MarkObjects: 2.437300 ms  DeleteObjects: 0.024600 ms)

AssetImportParameters requested are different than current active one (requested -> active):
  custom:graphics/normal-map-encoding: 01000000000000000000000000000000 -> 02000000000000000000000000000000
========================================================================
Received Prepare
Registering precompiled user dll's ...
Registered in 0.001656 seconds.
Begin MonoManager ReloadAssembly
Error: Could not load signature of Unity.Android.Logcat.AndroidLogcat:.ctor due to: Could not load file or assembly 'UnityEditor.Android.Extensions, Version=1.0.0.0, Culture=neutral, PublicKeyToken=null' or one of its dependencies. assembly:UnityEditor.Android.Extensions, Version=1.0.0.0, Culture=neutral, PublicKeyToken=null type:<unknown type> member:(null) signature:<none>
0x00007ff7096ff02c (Unity) StackWalker::GetCurrentCallstack
0x00007ff709707409 (Unity) StackWalker::ShowCallstack
0x00007ff70abcfafc (Unity) GetStacktrace
0x00007ff70bcaaf63 (Unity) DebugStringToFile
0x00007ff7095259eb (Unity) ScanForAttributesAndInterfaceImplementations
0x00007ff709538dba (Unity) MonoManager::EndReloadAssembly
0x00007ff70953ffe9 (Unity) MonoManager::ReloadAssembly
0x00007ff70a8da2a1 (Unity) LoadDomainAndUserAssemblies
0x00007ff70a8da74e (Unity) LoadUserAssemblies
0x00007ff70ad039e9 (Unity) <lambda_fe9441f73272b7bdb4fc543a788e7929>::operator()
0x00007ff70adcdd82 (Unity) asio::detail::completion_handler<core::mutable_function<void __cdecl(void)> >::do_complete
0x00007ff70adcfee0 (Unity) asio::detail::win_iocp_io_service::do_one
0x00007ff70add366e (Unity) asio::io_service::run
0x00007ff70ad49ba0 (Unity) RunAssetImportWorkerClientV2
0x00007ff70ad49bf0 (Unity) RunAssetImporterV2
0x00007ff70a267ee6 (Unity) Application::InitializeProject
0x00007ff70abdd0b2 (Unity) WinMain
0x00007ff70ca40c66 (Unity) __scrt_common_main_seh
0x00007ff810217034 (KERNEL32) BaseThreadInitThunk
0x00007ff811d02651 (ntdll) RtlUserThreadStart

Unloading broken assembly Library/ScriptAssemblies/Unity.Mobile.AndroidLogcat.Editor.dll, this assembly can cause crashes in the runtime
0x00007ff7096ff02c (Unity) StackWalker::GetCurrentCallstack
0x00007ff709707409 (Unity) StackWalker::ShowCallstack
0x00007ff70abcfafc (Unity) GetStacktrace
0x00007ff70bcaaf63 (Unity) DebugStringToFile
0x00007ff709541b39 (Unity) MonoManager::SetupLoadedEditorAssemblies
0x00007ff70953910c (Unity) MonoManager::EndReloadAssembly
0x00007ff70953ffe9 (Unity) MonoManager::ReloadAssembly
0x00007ff70a8da2a1 (Unity) LoadDomainAndUserAssemblies
0x00007ff70a8da74e (Unity) LoadUserAssemblies
0x00007ff70ad039e9 (Unity) <lambda_fe9441f73272b7bdb4fc543a788e7929>::operator()
0x00007ff70adcdd82 (Unity) asio::detail::completion_handler<core::mutable_function<void __cdecl(void)> >::do_complete
0x00007ff70adcfee0 (Unity) asio::detail::win_iocp_io_service::do_one
0x00007ff70add366e (Unity) asio::io_service::run
0x00007ff70ad49ba0 (Unity) RunAssetImportWorkerClientV2
0x00007ff70ad49bf0 (Unity) RunAssetImporterV2
0x00007ff70a267ee6 (Unity) Application::InitializeProject
0x00007ff70abdd0b2 (Unity) WinMain
0x00007ff70ca40c66 (Unity) __scrt_common_main_seh
0x00007ff810217034 (KERNEL32) BaseThreadInitThunk
0x00007ff811d02651 (ntdll) RtlUserThreadStart

Native extension for WindowsStandalone target not found
Native extension for WebGL target not found
Refreshing native plugins compatible for Editor in 0.86 ms, found 1 plugins.
Preloading 0 native plugins for Editor in 0.00 ms.
Invoked RoslynAnalysisRunner static constructor.
RoslynAnalysisRunner will not be running.
RoslynAnalysisRunner has terminated.
Mono: successfully reloaded assembly
- Completed reload, in  2.171 seconds
Platform modules already initialized, skipping
Switching build target platform(5) subTarget(0) extendedPlatform(0) -> platform(13) subTarget(537395200) extendedPlatform(0)
Refreshing native plugins compatible for Editor in 0.59 ms, found 1 plugins.
Preloading 0 native plugins for Editor in 0.00 ms.
Unloading 2056 Unused Serialized files (Serialized files now loaded: 0)
System memory in use before: 93.9 MB.
System memory in use after: 94.0 MB.

Unloading 21 unused Assets to reduce memory usage. Loaded Objects now: 2540.
Total: 2.888800 ms (FindLiveObjects: 0.299300 ms CreateObjectMapping: 0.148300 ms MarkObjects: 2.416800 ms  DeleteObjects: 0.022900 ms)

AssetImportParameters requested are different than current active one (requested -> active):
  custom:graphics/normal-map-encoding: 01000000000000000000000000000000 -> 02000000000000000000000000000000
========================================================================
Received Prepare
Registering precompiled user dll's ...
Registered in 0.001195 seconds.
Begin MonoManager ReloadAssembly
Error: Could not load signature of Unity.Android.Logcat.AndroidLogcat:.ctor due to: Could not load file or assembly 'UnityEditor.Android.Extensions, Version=1.0.0.0, Culture=neutral, PublicKeyToken=null' or one of its dependencies. assembly:UnityEditor.Android.Extensions, Version=1.0.0.0, Culture=neutral, PublicKeyToken=null type:<unknown type> member:(null) signature:<none>
0x00007ff7096ff02c (Unity) StackWalker::GetCurrentCallstack
0x00007ff709707409 (Unity) StackWalker::ShowCallstack
0x00007ff70abcfafc (Unity) GetStacktrace
0x00007ff70bcaaf63 (Unity) DebugStringToFile
0x00007ff7095259eb (Unity) ScanForAttributesAndInterfaceImplementations
0x00007ff709538dba (Unity) MonoManager::EndReloadAssembly
0x00007ff70953ffe9 (Unity) MonoManager::ReloadAssembly
0x00007ff70a8da2a1 (Unity) LoadDomainAndUserAssemblies
0x00007ff70a8da74e (Unity) LoadUserAssemblies
0x00007ff70ad039e9 (Unity) <lambda_fe9441f73272b7bdb4fc543a788e7929>::operator()
0x00007ff70adcdd82 (Unity) asio::detail::completion_handler<core::mutable_function<void __cdecl(void)> >::do_complete
0x00007ff70adcfee0 (Unity) asio::detail::win_iocp_io_service::do_one
0x00007ff70add366e (Unity) asio::io_service::run
0x00007ff70ad49ba0 (Unity) RunAssetImportWorkerClientV2
0x00007ff70ad49bf0 (Unity) RunAssetImporterV2
0x00007ff70a267ee6 (Unity) Application::InitializeProject
0x00007ff70abdd0b2 (Unity) WinMain
0x00007ff70ca40c66 (Unity) __scrt_common_main_seh
0x00007ff810217034 (KERNEL32) BaseThreadInitThunk
0x00007ff811d02651 (ntdll) RtlUserThreadStart

Unloading broken assembly Library/ScriptAssemblies/Unity.Mobile.AndroidLogcat.Editor.dll, this assembly can cause crashes in the runtime
0x00007ff7096ff02c (Unity) StackWalker::GetCurrentCallstack
0x00007ff709707409 (Unity) StackWalker::ShowCallstack
0x00007ff70abcfafc (Unity) GetStacktrace
0x00007ff70bcaaf63 (Unity) DebugStringToFile
0x00007ff709541b39 (Unity) MonoManager::SetupLoadedEditorAssemblies
0x00007ff70953910c (Unity) MonoManager::EndReloadAssembly
0x00007ff70953ffe9 (Unity) MonoManager::ReloadAssembly
0x00007ff70a8da2a1 (Unity) LoadDomainAndUserAssemblies
0x00007ff70a8da74e (Unity) LoadUserAssemblies
0x00007ff70ad039e9 (Unity) <lambda_fe9441f73272b7bdb4fc543a788e7929>::operator()
0x00007ff70adcdd82 (Unity) asio::detail::completion_handler<core::mutable_function<void __cdecl(void)> >::do_complete
0x00007ff70adcfee0 (Unity) asio::detail::win_iocp_io_service::do_one
0x00007ff70add366e (Unity) asio::io_service::run
0x00007ff70ad49ba0 (Unity) RunAssetImportWorkerClientV2
0x00007ff70ad49bf0 (Unity) RunAssetImporterV2
0x00007ff70a267ee6 (Unity) Application::InitializeProject
0x00007ff70abdd0b2 (Unity) WinMain
0x00007ff70ca40c66 (Unity) __scrt_common_main_seh
0x00007ff810217034 (KERNEL32) BaseThreadInitThunk
0x00007ff811d02651 (ntdll) RtlUserThreadStart

Native extension for WindowsStandalone target not found
Native extension for WebGL target not found
Refreshing native plugins compatible for Editor in 0.62 ms, found 1 plugins.
Preloading 0 native plugins for Editor in 0.00 ms.
Invoked RoslynAnalysisRunner static constructor.
RoslynAnalysisRunner will not be running.
RoslynAnalysisRunner has terminated.
Mono: successfully reloaded assembly
- Completed reload, in  4.365 seconds
Platform modules already initialized, skipping
Switching build target platform(5) subTarget(0) extendedPlatform(0) -> platform(13) subTarget(537395200) extendedPlatform(0)
Refreshing native plugins compatible for Editor in 1.15 ms, found 1 plugins.
Preloading 0 native plugins for Editor in 0.00 ms.
Unloading 2056 Unused Serialized files (Serialized files now loaded: 0)
System memory in use before: 94.0 MB.
System memory in use after: 94.1 MB.

Unloading 21 unused Assets to reduce memory usage. Loaded Objects now: 2543.
Total: 2.796400 ms (FindLiveObjects: 0.244800 ms CreateObjectMapping: 0.104900 ms MarkObjects: 2.413700 ms  DeleteObjects: 0.031200 ms)

AssetImportParameters requested are different than current active one (requested -> active):
  custom:graphics/normal-map-encoding: 01000000000000000000000000000000 -> 02000000000000000000000000000000
========================================================================
Received Prepare
Registering precompiled user dll's ...
Registered in 0.001278 seconds.
Begin MonoManager ReloadAssembly
Error: Could not load signature of Unity.Android.Logcat.AndroidLogcat:.ctor due to: Could not load file or assembly 'UnityEditor.Android.Extensions, Version=1.0.0.0, Culture=neutral, PublicKeyToken=null' or one of its dependencies. assembly:UnityEditor.Android.Extensions, Version=1.0.0.0, Culture=neutral, PublicKeyToken=null type:<unknown type> member:(null) signature:<none>
0x00007ff7096ff02c (Unity) StackWalker::GetCurrentCallstack
0x00007ff709707409 (Unity) StackWalker::ShowCallstack
0x00007ff70abcfafc (Unity) GetStacktrace
0x00007ff70bcaaf63 (Unity) DebugStringToFile
0x00007ff7095259eb (Unity) ScanForAttributesAndInterfaceImplementations
0x00007ff709538dba (Unity) MonoManager::EndReloadAssembly
0x00007ff70953ffe9 (Unity) MonoManager::ReloadAssembly
0x00007ff70a8da2a1 (Unity) LoadDomainAndUserAssemblies
0x00007ff70a8da74e (Unity) LoadUserAssemblies
0x00007ff70ad039e9 (Unity) <lambda_fe9441f73272b7bdb4fc543a788e7929>::operator()
0x00007ff70adcdd82 (Unity) asio::detail::completion_handler<core::mutable_function<void __cdecl(void)> >::do_complete
0x00007ff70adcfee0 (Unity) asio::detail::win_iocp_io_service::do_one
0x00007ff70add366e (Unity) asio::io_service::run
0x00007ff70ad49ba0 (Unity) RunAssetImportWorkerClientV2
0x00007ff70ad49bf0 (Unity) RunAssetImporterV2
0x00007ff70a267ee6 (Unity) Application::InitializeProject
0x00007ff70abdd0b2 (Unity) WinMain
0x00007ff70ca40c66 (Unity) __scrt_common_main_seh
0x00007ff810217034 (KERNEL32) BaseThreadInitThunk
0x00007ff811d02651 (ntdll) RtlUserThreadStart

Unloading broken assembly Library/ScriptAssemblies/Unity.Mobile.AndroidLogcat.Editor.dll, this assembly can cause crashes in the runtime
0x00007ff7096ff02c (Unity) StackWalker::GetCurrentCallstack
0x00007ff709707409 (Unity) StackWalker::ShowCallstack
0x00007ff70abcfafc (Unity) GetStacktrace
0x00007ff70bcaaf63 (Unity) DebugStringToFile
0x00007ff709541b39 (Unity) MonoManager::SetupLoadedEditorAssemblies
0x00007ff70953910c (Unity) MonoManager::EndReloadAssembly
0x00007ff70953ffe9 (Unity) MonoManager::ReloadAssembly
0x00007ff70a8da2a1 (Unity) LoadDomainAndUserAssemblies
0x00007ff70a8da74e (Unity) LoadUserAssemblies
0x00007ff70ad039e9 (Unity) <lambda_fe9441f73272b7bdb4fc543a788e7929>::operator()
0x00007ff70adcdd82 (Unity) asio::detail::completion_handler<core::mutable_function<void __cdecl(void)> >::do_complete
0x00007ff70adcfee0 (Unity) asio::detail::win_iocp_io_service::do_one
0x00007ff70add366e (Unity) asio::io_service::run
0x00007ff70ad49ba0 (Unity) RunAssetImportWorkerClientV2
0x00007ff70ad49bf0 (Unity) RunAssetImporterV2
0x00007ff70a267ee6 (Unity) Application::InitializeProject
0x00007ff70abdd0b2 (Unity) WinMain
0x00007ff70ca40c66 (Unity) __scrt_common_main_seh
0x00007ff810217034 (KERNEL32) BaseThreadInitThunk
0x00007ff811d02651 (ntdll) RtlUserThreadStart

Native extension for WindowsStandalone target not found
Native extension for WebGL target not found
Refreshing native plugins compatible for Editor in 0.57 ms, found 1 plugins.
Preloading 0 native plugins for Editor in 0.00 ms.
Invoked RoslynAnalysisRunner static constructor.
RoslynAnalysisRunner will not be running.
RoslynAnalysisRunner has terminated.
Mono: successfully reloaded assembly
- Completed reload, in  1.666 seconds
Platform modules already initialized, skipping
Switching build target platform(5) subTarget(0) extendedPlatform(0) -> platform(13) subTarget(537395200) extendedPlatform(0)
Refreshing native plugins compatible for Editor in 0.50 ms, found 1 plugins.
Preloading 0 native plugins for Editor in 0.00 ms.
Unloading 2056 Unused Serialized files (Serialized files now loaded: 0)
System memory in use before: 94.0 MB.
System memory in use after: 94.1 MB.

Unloading 21 unused Assets to reduce memory usage. Loaded Objects now: 2546.
Total: 2.486600 ms (FindLiveObjects: 0.306200 ms CreateObjectMapping: 0.131800 ms MarkObjects: 1.997400 ms  DeleteObjects: 0.049700 ms)

AssetImportParameters requested are different than current active one (requested -> active):
  custom:graphics/normal-map-encoding: 01000000000000000000000000000000 -> 02000000000000000000000000000000
========================================================================
Received Prepare
Registering precompiled user dll's ...
Registered in 0.001284 seconds.
Begin MonoManager ReloadAssembly
Error: Could not load signature of Unity.Android.Logcat.AndroidLogcat:.ctor due to: Could not load file or assembly 'UnityEditor.Android.Extensions, Version=1.0.0.0, Culture=neutral, PublicKeyToken=null' or one of its dependencies. assembly:UnityEditor.Android.Extensions, Version=1.0.0.0, Culture=neutral, PublicKeyToken=null type:<unknown type> member:(null) signature:<none>
0x00007ff7096ff02c (Unity) StackWalker::GetCurrentCallstack
0x00007ff709707409 (Unity) StackWalker::ShowCallstack
0x00007ff70abcfafc (Unity) GetStacktrace
0x00007ff70bcaaf63 (Unity) DebugStringToFile
0x00007ff7095259eb (Unity) ScanForAttributesAndInterfaceImplementations
0x00007ff709538dba (Unity) MonoManager::EndReloadAssembly
0x00007ff70953ffe9 (Unity) MonoManager::ReloadAssembly
0x00007ff70a8da2a1 (Unity) LoadDomainAndUserAssemblies
0x00007ff70a8da74e (Unity) LoadUserAssemblies
0x00007ff70ad039e9 (Unity) <lambda_fe9441f73272b7bdb4fc543a788e7929>::operator()
0x00007ff70adcdd82 (Unity) asio::detail::completion_handler<core::mutable_function<void __cdecl(void)> >::do_complete
0x00007ff70adcfee0 (Unity) asio::detail::win_iocp_io_service::do_one
0x00007ff70add366e (Unity) asio::io_service::run
0x00007ff70ad49ba0 (Unity) RunAssetImportWorkerClientV2
0x00007ff70ad49bf0 (Unity) RunAssetImporterV2
0x00007ff70a267ee6 (Unity) Application::InitializeProject
0x00007ff70abdd0b2 (Unity) WinMain
0x00007ff70ca40c66 (Unity) __scrt_common_main_seh
0x00007ff810217034 (KERNEL32) BaseThreadInitThunk
0x00007ff811d02651 (ntdll) RtlUserThreadStart

Unloading broken assembly Library/ScriptAssemblies/Unity.Mobile.AndroidLogcat.Editor.dll, this assembly can cause crashes in the runtime
0x00007ff7096ff02c (Unity) StackWalker::GetCurrentCallstack
0x00007ff709707409 (Unity) StackWalker::ShowCallstack
0x00007ff70abcfafc (Unity) GetStacktrace
0x00007ff70bcaaf63 (Unity) DebugStringToFile
0x00007ff709541b39 (Unity) MonoManager::SetupLoadedEditorAssemblies
0x00007ff70953910c (Unity) MonoManager::EndReloadAssembly
0x00007ff70953ffe9 (Unity) MonoManager::ReloadAssembly
0x00007ff70a8da2a1 (Unity) LoadDomainAndUserAssemblies
0x00007ff70a8da74e (Unity) LoadUserAssemblies
0x00007ff70ad039e9 (Unity) <lambda_fe9441f73272b7bdb4fc543a788e7929>::operator()
0x00007ff70adcdd82 (Unity) asio::detail::completion_handler<core::mutable_function<void __cdecl(void)> >::do_complete
0x00007ff70adcfee0 (Unity) asio::detail::win_iocp_io_service::do_one
0x00007ff70add366e (Unity) asio::io_service::run
0x00007ff70ad49ba0 (Unity) RunAssetImportWorkerClientV2
0x00007ff70ad49bf0 (Unity) RunAssetImporterV2
0x00007ff70a267ee6 (Unity) Application::InitializeProject
0x00007ff70abdd0b2 (Unity) WinMain
0x00007ff70ca40c66 (Unity) __scrt_common_main_seh
0x00007ff810217034 (KERNEL32) BaseThreadInitThunk
0x00007ff811d02651 (ntdll) RtlUserThreadStart

Native extension for WindowsStandalone target not found
Native extension for WebGL target not found
Refreshing native plugins compatible for Editor in 1.02 ms, found 1 plugins.
Preloading 0 native plugins for Editor in 0.00 ms.
Invoked RoslynAnalysisRunner static constructor.
RoslynAnalysisRunner will not be running.
RoslynAnalysisRunner has terminated.
Mono: successfully reloaded assembly
- Completed reload, in  1.446 seconds
Platform modules already initialized, skipping
Switching build target platform(5) subTarget(0) extendedPlatform(0) -> platform(13) subTarget(537395200) extendedPlatform(0)
Refreshing native plugins compatible for Editor in 0.69 ms, found 1 plugins.
Preloading 0 native plugins for Editor in 0.00 ms.
Unloading 2056 Unused Serialized files (Serialized files now loaded: 0)
System memory in use before: 94.1 MB.
System memory in use after: 94.2 MB.

Unloading 21 unused Assets to reduce memory usage. Loaded Objects now: 2549.
Total: 2.709100 ms (FindLiveObjects: 0.304600 ms CreateObjectMapping: 0.135700 ms MarkObjects: 2.241700 ms  DeleteObjects: 0.025600 ms)

AssetImportParameters requested are different than current active one (requested -> active):
  custom:graphics/normal-map-encoding: 01000000000000000000000000000000 -> 02000000000000000000000000000000
